2024-10-18 10:29:07.251 [info] Extension host with pid 6965 started
2024-10-18 10:29:07.251 [info] Skipping acquiring lock for /home/bitraven/.config/VSCodium/User/workspaceStorage/9b018b0a92740ec8645efb2caf0663e3.
2024-10-18 10:29:07.263 [info] ExtensionService#_doActivateExtension vscode.git-base, startup: true, activationEvent: '*'
2024-10-18 10:29:07.312 [info] ExtensionService#_doActivateExtension vscode.github, startup: true, activationEvent: '*'
2024-10-18 10:29:07.530 [info] Eager extensions activated
2024-10-18 10:29:07.531 [info] ExtensionService#_doActivateExtension vscode.debug-auto-launch, startup: false, activationEvent: 'onStartupFinished'
2024-10-18 10:29:07.573 [info] ExtensionService#_doActivateExtension vscode.merge-conflict, startup: false, activationEvent: 'onStartupFinished'
2024-10-18 10:29:10.221 [info] ExtensionService#_doActivateExtension vscode.git, startup: false, activationEvent: 'api', root cause: vscode.github
2024-10-18 10:29:23.772 [info] ExtensionService#_doActivateExtension vscode.emmet, startup: false, activationEvent: 'onLanguage'
2024-10-18 10:30:20.657 [info] ExtensionService#_doActivateExtension ms-python.python, startup: false, activationEvent: 'onWalkthrough:pythonWelcome'
2024-10-18 10:30:20.855 [error] Error: spawn /home/bitraven/.vscode-oss/extensions/ms-python.python-2024.16.1-universal/python-env-tools/bin/pet ENOENT
	at ChildProcess._handle.onexit (node:internal/child_process:286:19)
	at onErrorNT (node:internal/child_process:484:16)
	at process.processTicksAndRejections (node:internal/process/task_queues:82:21)
2024-10-18 10:30:27.387 [info] ExtensionService#_doActivateExtension formulahendry.code-runner, startup: false, activationEvent: 'onStartupFinished'
2024-10-18 10:30:45.643 [info] ExtensionService#_doActivateExtension esbenp.prettier-vscode, startup: false, activationEvent: 'onStartupFinished'
2024-10-18 10:31:22.479 [info] ExtensionService#_doActivateExtension vscode.configuration-editing, startup: false, activationEvent: 'onLanguage:jsonc'
2024-10-18 10:31:22.492 [info] ExtensionService#_doActivateExtension vscode.json-language-features, startup: false, activationEvent: 'onLanguage:jsonc'
2024-10-18 10:31:22.539 [info] ExtensionService#_doActivateExtension vscode.typescript-language-features, startup: false, activationEvent: 'onLanguage:jsonc'
2024-10-18 10:31:34.758 [info] ExtensionService#_doActivateExtension ms-python.debugpy, startup: false, activationEvent: 'onLanguage:python'
2024-10-18 10:33:39.885 [error] [ms-python.python] provider FAILED
2024-10-18 10:33:39.885 [error] Error: UnboundLocalError: cannot access local variable 'start_index' where it is not associated with a value
	at ae (/home/bitraven/.vscode-oss/extensions/ms-python.python-2024.16.1-universal/out/client/extension.js:2:2051686)
	at oe (/home/bitraven/.vscode-oss/extensions/ms-python.python-2024.16.1-universal/out/client/extension.js:2:2049646)
	at Immediate.<anonymous> (/home/bitraven/.vscode-oss/extensions/ms-python.python-2024.16.1-universal/out/client/extension.js:2:2045940)
	at process.processImmediate (node:internal/timers:483:21)
2024-10-18 10:33:43.441 [error] [ms-python.python] provider FAILED
2024-10-18 10:33:43.441 [error] Error: UnboundLocalError: cannot access local variable 'start_index' where it is not associated with a value
	at ae (/home/bitraven/.vscode-oss/extensions/ms-python.python-2024.16.1-universal/out/client/extension.js:2:2051686)
	at oe (/home/bitraven/.vscode-oss/extensions/ms-python.python-2024.16.1-universal/out/client/extension.js:2:2049646)
	at Immediate.<anonymous> (/home/bitraven/.vscode-oss/extensions/ms-python.python-2024.16.1-universal/out/client/extension.js:2:2045940)
	at process.processImmediate (node:internal/timers:483:21)
2024-10-18 10:39:14.231 [info] ExtensionService#_doActivateExtension vscode.npm, startup: false, activationEvent: 'onTerminalQuickFixRequest:ms-vscode.npm-command'
2024-10-18 10:58:40.938 [info] ExtensionService#_doActivateExtension vscode.extension-editing, startup: false, activationEvent: 'onLanguage:json'
