2024-10-19T16:40:38.789Z 0: 

----------------------------------------------
2024-10-19T16:40:38.868Z 1: Discord starting: {"releaseChannel":"stable","version":"0.0.71"}, modulepath: /home/bitraven/.config/discord/0.0.71/modules
2024-10-19T16:40:39.000Z 2: ✅ webContents.created web1 "index.html"
2024-10-19T16:40:39.130Z 3: ✅ window.created win1 "discord"
2024-10-19T16:40:39.260Z 4: ✅ webContents.did-finish-load web1
2024-10-19T16:40:59.626Z 5: ✅ webContents.created web2 ""
2024-10-19T16:40:59.631Z 6: ✅ window.created win2 "Discord"
2024-10-19T16:41:02.176Z 7: ✅ webContents.did-finish-load web2
2024-10-19T16:41:02.276Z 8: window.close win1
2024-10-19T16:41:02.314Z 9: webContents.destroyed web1
2024-10-19T16:41:02.317Z 10: window.closed win1
2024-10-19T17:38:41.177Z 0: 

----------------------------------------------
2024-10-19T17:38:41.188Z 1: Discord starting: {"releaseChannel":"stable","version":"0.0.71"}, modulepath: /home/bitraven/.config/discord/0.0.71/modules
2024-10-19T17:38:41.253Z 2: ✅ webContents.created web1 ""
2024-10-19T17:38:41.322Z 3: ✅ window.created win1 "discord"
2024-10-19T17:38:41.721Z 4: ✅ webContents.did-finish-load web1
2024-10-19T17:38:47.935Z 5: ✅ webContents.created web2 ""
2024-10-19T17:38:47.938Z 6: ✅ window.created win2 "Discord"
2024-10-19T17:38:54.133Z 7: ✅ webContents.did-finish-load web2
2024-10-19T17:38:54.235Z 8: window.close win1
2024-10-19T17:38:54.245Z 9: webContents.destroyed web1
2024-10-19T17:38:54.247Z 10: window.closed win1
2024-10-19T17:44:31.009Z 11: window.close win2
2024-10-19T17:50:44.355Z 12: window.close win2
2024-10-19T18:18:54.407Z 13: before-quit
