    OpenRGB v0.9
    Commit:  from 
    Launched: 20241020_001956
====================================================================================================

1001  |Info:    ------------------------------------------------------
1001  |Info:    |               Start device detection               |
1001  |Info:    ------------------------------------------------------
1001  |Info:    Initializing HID interfaces: Success
1002  |Info:    ------------------------------------------------------
1002  |Info:    |             Detecting I2C interfaces               |
1002  |Info:    ------------------------------------------------------
1002  |Warning: [i2c_smbus_linux] Failed to read i2c device PCI device ID
1002  |Info:    Registering I2C interface: /dev/i2c-3 Device 0000:0000 Subsystem: 0000:0000
1002  |Info:    Registering I2C interface: /dev/i2c-1 Device 1002:1636 Subsystem: 1043:16ED
1002  |Info:    Registering I2C interface: /dev/i2c-8 Device 10DE:1F9D Subsystem: 1043:16ED
1002  |Info:    Registering I2C interface: /dev/i2c-6 Device 1022:790B Subsystem: 1043:1682
1003  |Warning: [i2c_smbus_linux] Failed to read i2c device PCI device ID
1003  |Info:    Registering I2C interface: /dev/i2c-ELAN1203:00 Device 0000:0000 Subsystem: 0000:0000
1003  |Info:    Registering I2C interface: /dev/i2c-2 Device 1002:1636 Subsystem: 1043:16ED
1003  |Info:    Registering I2C interface: /dev/i2c-0 Device 0000:0000 Subsystem: 0000:0000
1003  |Info:    Registering I2C interface: /dev/i2c-7 Device 10DE:1F9D Subsystem: 1043:16ED
1003  |Info:    Registering I2C interface: /dev/i2c-5 Device 1022:790B Subsystem: 1043:1682
1003  |Info:    ------------------------------------------------------
1003  |Info:    |               Detecting I2C devices                |
1003  |Info:    ------------------------------------------------------
1934  |Info:    ------------------------------------------------------
1934  |Info:    |               Detecting I2C PCI devices            |
1934  |Info:    ------------------------------------------------------
1935  |Info:    ------------------------------------------------------
1935  |Info:    |               Detecting HID devices                |
1935  |Info:    ------------------------------------------------------
1935  |Info:    ------------------------------------------------------
1935  |Info:    |            Detecting libusb HID devices            |
1935  |Info:    ------------------------------------------------------
1940  |Info:    ------------------------------------------------------
1940  |Info:    |              Detecting other devices               |
1940  |Info:    ------------------------------------------------------
1940  |Info:    [ASUS TUF Keyboard] Registering RGB controller
1945  |Info:    ------------------------------------------------------
1945  |Info:    |                Detection completed                 |
1945  |Info:    ------------------------------------------------------
1945  |Dialog:  <h2>WARNING:</h2><p>One or more I2C/SMBus interfaces failed to initialize.</p><p>RGB DRAM modules and some motherboards' onboard RGB lighting will not be available without I2C/SMBus.</p><p>On Linux, this is usually because the i2c-dev module is not loaded.  You must load the i2c-dev module along with the correct i2c driver for your motherboard.  This is usually i2c-piix4 for AMD systems and i2c-i801 for Intel systems.</p><p>See <a href='https://help.openrgb.org/'>help.openrgb.org</a> for additional troubleshooting steps if you keep seeing this message.<br></p>
