2024-10-18 10:29:10.353 [info] [main] Log level: Info
2024-10-18 10:29:10.353 [info] [main] Validating found git in: "git"
2024-10-18 10:29:10.353 [info] [main] Using git "2.47.0" from "git"
2024-10-18 10:29:10.353 [info] [Model][doInitialScan] Initial repository scan started
2024-10-18 10:29:10.353 [info] > git rev-parse --show-toplevel [5ms]
2024-10-18 10:29:10.353 [info] fatal: not a git repository (or any parent up to mount point /)
Stopping at filesystem boundary (GIT_DISCOVERY_ACROSS_FILESYSTEM not set).
2024-10-18 10:29:10.353 [info] [Model][doInitialScan] Initial repository scan completed - repositories (0), closed repositories (0), parent repositories (0), unsafe repositories (0)
2024-10-18 10:30:20.516 [info] > git rev-parse --show-toplevel [1ms]
2024-10-18 10:30:20.517 [info] fatal: not a git repository (or any parent up to mount point /)
Stopping at filesystem boundary (GIT_DISCOVERY_ACROSS_FILESYSTEM not set).
2024-10-18 10:30:27.276 [info] > git rev-parse --show-toplevel [2ms]
2024-10-18 10:30:27.276 [info] fatal: not a git repository (or any parent up to mount point /)
Stopping at filesystem boundary (GIT_DISCOVERY_ACROSS_FILESYSTEM not set).
2024-10-18 10:30:45.615 [info] > git rev-parse --show-toplevel [4ms]
2024-10-18 10:30:45.615 [info] fatal: not a git repository (or any parent up to mount point /)
Stopping at filesystem boundary (GIT_DISCOVERY_ACROSS_FILESYSTEM not set).
2024-10-18 10:31:22.616 [info] > git rev-parse --show-toplevel [2ms]
2024-10-18 10:31:22.616 [info] fatal: not a git repository (or any parent up to mount point /)
Stopping at filesystem boundary (GIT_DISCOVERY_ACROSS_FILESYSTEM not set).
2024-10-18 10:31:34.721 [info] > git rev-parse --show-toplevel [3ms]
2024-10-18 10:31:34.721 [info] fatal: not a git repository (or any parent up to mount point /)
Stopping at filesystem boundary (GIT_DISCOVERY_ACROSS_FILESYSTEM not set).
2024-10-18 10:32:24.946 [info] > git rev-parse --show-toplevel [3ms]
2024-10-18 10:32:24.946 [info] fatal: not a git repository (or any parent up to mount point /)
Stopping at filesystem boundary (GIT_DISCOVERY_ACROSS_FILESYSTEM not set).
2024-10-18 10:33:08.320 [info] > git rev-parse --show-toplevel [1ms]
2024-10-18 10:33:08.320 [info] fatal: not a git repository (or any parent up to mount point /)
Stopping at filesystem boundary (GIT_DISCOVERY_ACROSS_FILESYSTEM not set).
2024-10-18 10:33:13.330 [info] > git rev-parse --show-toplevel [2ms]
2024-10-18 10:33:13.330 [info] fatal: not a git repository (or any parent up to mount point /)
Stopping at filesystem boundary (GIT_DISCOVERY_ACROSS_FILESYSTEM not set).
2024-10-18 10:33:57.955 [info] > git rev-parse --show-toplevel [1ms]
2024-10-18 10:33:57.955 [info] fatal: not a git repository (or any parent up to mount point /)
Stopping at filesystem boundary (GIT_DISCOVERY_ACROSS_FILESYSTEM not set).
2024-10-18 10:34:02.336 [info] > git rev-parse --show-toplevel [2ms]
2024-10-18 10:34:02.336 [info] fatal: not a git repository (or any parent up to mount point /)
Stopping at filesystem boundary (GIT_DISCOVERY_ACROSS_FILESYSTEM not set).
2024-10-18 10:34:19.275 [info] > git rev-parse --show-toplevel [1ms]
2024-10-18 10:34:19.276 [info] fatal: not a git repository (or any parent up to mount point /)
Stopping at filesystem boundary (GIT_DISCOVERY_ACROSS_FILESYSTEM not set).
2024-10-18 10:34:19.887 [info] > git rev-parse --show-toplevel [3ms]
2024-10-18 10:34:19.887 [info] fatal: not a git repository (or any parent up to mount point /)
Stopping at filesystem boundary (GIT_DISCOVERY_ACROSS_FILESYSTEM not set).
2024-10-18 10:36:08.814 [info] > git rev-parse --show-toplevel [1ms]
2024-10-18 10:36:08.814 [info] fatal: not a git repository (or any parent up to mount point /)
Stopping at filesystem boundary (GIT_DISCOVERY_ACROSS_FILESYSTEM not set).
2024-10-18 10:36:09.455 [info] > git rev-parse --show-toplevel [2ms]
2024-10-18 10:36:09.455 [info] fatal: not a git repository (or any parent up to mount point /)
Stopping at filesystem boundary (GIT_DISCOVERY_ACROSS_FILESYSTEM not set).
2024-10-18 10:36:10.471 [info] > git rev-parse --show-toplevel [2ms]
2024-10-18 10:36:10.471 [info] fatal: not a git repository (or any parent up to mount point /)
Stopping at filesystem boundary (GIT_DISCOVERY_ACROSS_FILESYSTEM not set).
2024-10-18 10:42:57.555 [info] > git rev-parse --show-toplevel [1ms]
2024-10-18 10:42:57.555 [info] fatal: not a git repository (or any parent up to mount point /)
Stopping at filesystem boundary (GIT_DISCOVERY_ACROSS_FILESYSTEM not set).
2024-10-18 10:45:57.851 [info] > git rev-parse --show-toplevel [2ms]
2024-10-18 10:45:57.851 [info] fatal: not a git repository (or any parent up to mount point /)
Stopping at filesystem boundary (GIT_DISCOVERY_ACROSS_FILESYSTEM not set).
2024-10-18 10:51:45.270 [info] > git rev-parse --show-toplevel [1ms]
2024-10-18 10:51:45.270 [info] fatal: not a git repository (or any parent up to mount point /)
Stopping at filesystem boundary (GIT_DISCOVERY_ACROSS_FILESYSTEM not set).
2024-10-18 10:51:53.121 [info] > git rev-parse --show-toplevel [2ms]
2024-10-18 10:51:53.121 [info] fatal: not a git repository (or any parent up to mount point /)
Stopping at filesystem boundary (GIT_DISCOVERY_ACROSS_FILESYSTEM not set).
2024-10-18 10:52:01.194 [info] > git rev-parse --show-toplevel [1ms]
2024-10-18 10:52:01.194 [info] fatal: not a git repository (or any parent up to mount point /)
Stopping at filesystem boundary (GIT_DISCOVERY_ACROSS_FILESYSTEM not set).
2024-10-18 10:52:01.302 [info] > git rev-parse --show-toplevel [2ms]
2024-10-18 10:52:01.303 [info] fatal: not a git repository (or any parent up to mount point /)
Stopping at filesystem boundary (GIT_DISCOVERY_ACROSS_FILESYSTEM not set).
2024-10-18 10:52:15.305 [info] > git rev-parse --show-toplevel [2ms]
2024-10-18 10:52:15.305 [info] fatal: not a git repository (or any parent up to mount point /)
Stopping at filesystem boundary (GIT_DISCOVERY_ACROSS_FILESYSTEM not set).
2024-10-18 10:55:14.247 [info] > git rev-parse --show-toplevel [2ms]
2024-10-18 10:55:14.247 [info] fatal: not a git repository (or any parent up to mount point /)
Stopping at filesystem boundary (GIT_DISCOVERY_ACROSS_FILESYSTEM not set).
2024-10-18 10:55:33.679 [info] > git rev-parse --show-toplevel [2ms]
2024-10-18 10:55:33.679 [info] fatal: not a git repository (or any parent up to mount point /)
Stopping at filesystem boundary (GIT_DISCOVERY_ACROSS_FILESYSTEM not set).
2024-10-18 10:55:55.425 [info] > git rev-parse --show-toplevel [2ms]
2024-10-18 10:55:55.425 [info] fatal: not a git repository (or any parent up to mount point /)
Stopping at filesystem boundary (GIT_DISCOVERY_ACROSS_FILESYSTEM not set).
2024-10-18 10:55:57.512 [info] > git rev-parse --show-toplevel [2ms]
2024-10-18 10:55:57.512 [info] fatal: not a git repository (or any parent up to mount point /)
Stopping at filesystem boundary (GIT_DISCOVERY_ACROSS_FILESYSTEM not set).
2024-10-18 10:55:59.882 [info] > git rev-parse --show-toplevel [2ms]
2024-10-18 10:55:59.882 [info] fatal: not a git repository (or any parent up to mount point /)
Stopping at filesystem boundary (GIT_DISCOVERY_ACROSS_FILESYSTEM not set).
2024-10-18 10:58:40.920 [info] > git rev-parse --show-toplevel [2ms]
2024-10-18 10:58:40.920 [info] fatal: not a git repository (or any parent up to mount point /)
Stopping at filesystem boundary (GIT_DISCOVERY_ACROSS_FILESYSTEM not set).
2024-10-18 10:58:48.562 [info] > git rev-parse --show-toplevel [2ms]
2024-10-18 10:58:48.562 [info] fatal: not a git repository (or any parent up to mount point /)
Stopping at filesystem boundary (GIT_DISCOVERY_ACROSS_FILESYSTEM not set).
2024-10-18 10:59:34.387 [info] > git rev-parse --show-toplevel [2ms]
2024-10-18 10:59:34.387 [info] fatal: not a git repository (or any parent up to mount point /)
Stopping at filesystem boundary (GIT_DISCOVERY_ACROSS_FILESYSTEM not set).
2024-10-18 11:00:11.971 [info] > git rev-parse --show-toplevel [1ms]
2024-10-18 11:00:11.971 [info] fatal: not a git repository (or any parent up to mount point /)
Stopping at filesystem boundary (GIT_DISCOVERY_ACROSS_FILESYSTEM not set).
2024-10-18 11:00:55.589 [info] > git rev-parse --show-toplevel [1ms]
2024-10-18 11:00:55.589 [info] fatal: not a git repository (or any parent up to mount point /)
Stopping at filesystem boundary (GIT_DISCOVERY_ACROSS_FILESYSTEM not set).
2024-10-18 11:01:04.615 [info] > git rev-parse --show-toplevel [2ms]
2024-10-18 11:01:04.615 [info] fatal: not a git repository (or any parent up to mount point /)
Stopping at filesystem boundary (GIT_DISCOVERY_ACROSS_FILESYSTEM not set).
2024-10-18 11:01:05.507 [info] > git rev-parse --show-toplevel [1ms]
2024-10-18 11:01:05.507 [info] fatal: not a git repository (or any parent up to mount point /)
Stopping at filesystem boundary (GIT_DISCOVERY_ACROSS_FILESYSTEM not set).
2024-10-18 11:01:06.190 [info] > git rev-parse --show-toplevel [2ms]
2024-10-18 11:01:06.190 [info] fatal: not a git repository (or any parent up to mount point /)
Stopping at filesystem boundary (GIT_DISCOVERY_ACROSS_FILESYSTEM not set).
2024-10-18 11:01:34.711 [info] > git rev-parse --show-toplevel [1ms]
2024-10-18 11:01:34.711 [info] fatal: not a git repository (or any parent up to mount point /)
Stopping at filesystem boundary (GIT_DISCOVERY_ACROSS_FILESYSTEM not set).
2024-10-18 11:02:00.517 [info] > git rev-parse --show-toplevel [2ms]
2024-10-18 11:02:00.517 [info] fatal: not a git repository (or any parent up to mount point /)
Stopping at filesystem boundary (GIT_DISCOVERY_ACROSS_FILESYSTEM not set).
2024-10-18 11:02:01.988 [info] > git rev-parse --show-toplevel [1ms]
2024-10-18 11:02:01.988 [info] fatal: not a git repository (or any parent up to mount point /)
Stopping at filesystem boundary (GIT_DISCOVERY_ACROSS_FILESYSTEM not set).
2024-10-18 11:02:09.608 [info] > git rev-parse --show-toplevel [2ms]
2024-10-18 11:02:09.608 [info] fatal: not a git repository (or any parent up to mount point /)
Stopping at filesystem boundary (GIT_DISCOVERY_ACROSS_FILESYSTEM not set).
2024-10-18 11:02:15.507 [info] > git rev-parse --show-toplevel [2ms]
2024-10-18 11:02:15.507 [info] fatal: not a git repository (or any parent up to mount point /)
Stopping at filesystem boundary (GIT_DISCOVERY_ACROSS_FILESYSTEM not set).
2024-10-18 11:02:16.519 [info] > git rev-parse --show-toplevel [1ms]
2024-10-18 11:02:16.519 [info] fatal: not a git repository (or any parent up to mount point /)
Stopping at filesystem boundary (GIT_DISCOVERY_ACROSS_FILESYSTEM not set).
2024-10-18 11:02:28.116 [info] > git rev-parse --show-toplevel [1ms]
2024-10-18 11:02:28.116 [info] fatal: not a git repository (or any parent up to mount point /)
Stopping at filesystem boundary (GIT_DISCOVERY_ACROSS_FILESYSTEM not set).
2024-10-18 11:02:28.848 [info] > git rev-parse --show-toplevel [1ms]
2024-10-18 11:02:28.848 [info] fatal: not a git repository (or any parent up to mount point /)
Stopping at filesystem boundary (GIT_DISCOVERY_ACROSS_FILESYSTEM not set).
2024-10-18 11:04:15.607 [info] > git rev-parse --show-toplevel [1ms]
2024-10-18 11:04:15.607 [info] fatal: not a git repository (or any parent up to mount point /)
Stopping at filesystem boundary (GIT_DISCOVERY_ACROSS_FILESYSTEM not set).
2024-10-18 11:04:22.575 [info] > git rev-parse --show-toplevel [1ms]
2024-10-18 11:04:22.575 [info] fatal: not a git repository (or any parent up to mount point /)
Stopping at filesystem boundary (GIT_DISCOVERY_ACROSS_FILESYSTEM not set).
2024-10-18 11:04:23.119 [info] > git rev-parse --show-toplevel [2ms]
2024-10-18 11:04:23.119 [info] fatal: not a git repository (or any parent up to mount point /)
Stopping at filesystem boundary (GIT_DISCOVERY_ACROSS_FILESYSTEM not set).
2024-10-18 11:04:24.195 [info] > git rev-parse --show-toplevel [2ms]
2024-10-18 11:04:24.195 [info] fatal: not a git repository (or any parent up to mount point /)
Stopping at filesystem boundary (GIT_DISCOVERY_ACROSS_FILESYSTEM not set).
2024-10-18 11:04:24.491 [info] > git rev-parse --show-toplevel [2ms]
2024-10-18 11:04:24.491 [info] fatal: not a git repository (or any parent up to mount point /)
Stopping at filesystem boundary (GIT_DISCOVERY_ACROSS_FILESYSTEM not set).
2024-10-18 11:04:24.895 [info] > git rev-parse --show-toplevel [1ms]
2024-10-18 11:04:24.895 [info] fatal: not a git repository (or any parent up to mount point /)
Stopping at filesystem boundary (GIT_DISCOVERY_ACROSS_FILESYSTEM not set).
2024-10-18 11:05:10.918 [info] > git rev-parse --show-toplevel [1ms]
2024-10-18 11:05:10.918 [info] fatal: not a git repository (or any parent up to mount point /)
Stopping at filesystem boundary (GIT_DISCOVERY_ACROSS_FILESYSTEM not set).
2024-10-18 11:05:12.857 [info] > git rev-parse --show-toplevel [2ms]
2024-10-18 11:05:12.857 [info] fatal: not a git repository (or any parent up to mount point /)
Stopping at filesystem boundary (GIT_DISCOVERY_ACROSS_FILESYSTEM not set).
2024-10-18 11:05:13.869 [info] > git rev-parse --show-toplevel [1ms]
2024-10-18 11:05:13.869 [info] fatal: not a git repository (or any parent up to mount point /)
Stopping at filesystem boundary (GIT_DISCOVERY_ACROSS_FILESYSTEM not set).
2024-10-18 11:05:14.515 [info] > git rev-parse --show-toplevel [2ms]
2024-10-18 11:05:14.515 [info] fatal: not a git repository (or any parent up to mount point /)
Stopping at filesystem boundary (GIT_DISCOVERY_ACROSS_FILESYSTEM not set).
2024-10-18 11:05:20.179 [info] > git rev-parse --show-toplevel [1ms]
2024-10-18 11:05:20.179 [info] fatal: not a git repository (or any parent up to mount point /)
Stopping at filesystem boundary (GIT_DISCOVERY_ACROSS_FILESYSTEM not set).
2024-10-18 11:05:21.357 [info] > git rev-parse --show-toplevel [2ms]
2024-10-18 11:05:21.357 [info] fatal: not a git repository (or any parent up to mount point /)
Stopping at filesystem boundary (GIT_DISCOVERY_ACROSS_FILESYSTEM not set).
2024-10-18 11:05:23.556 [info] > git rev-parse --show-toplevel [1ms]
2024-10-18 11:05:23.556 [info] fatal: not a git repository (or any parent up to mount point /)
Stopping at filesystem boundary (GIT_DISCOVERY_ACROSS_FILESYSTEM not set).
2024-10-18 11:05:24.811 [info] > git rev-parse --show-toplevel [3ms]
2024-10-18 11:05:24.811 [info] fatal: not a git repository (or any parent up to mount point /)
Stopping at filesystem boundary (GIT_DISCOVERY_ACROSS_FILESYSTEM not set).
2024-10-18 11:05:27.069 [info] > git rev-parse --show-toplevel [1ms]
2024-10-18 11:05:27.070 [info] fatal: not a git repository (or any parent up to mount point /)
Stopping at filesystem boundary (GIT_DISCOVERY_ACROSS_FILESYSTEM not set).
2024-10-18 11:05:31.227 [info] > git rev-parse --show-toplevel [2ms]
2024-10-18 11:05:31.227 [info] fatal: not a git repository (or any parent up to mount point /)
Stopping at filesystem boundary (GIT_DISCOVERY_ACROSS_FILESYSTEM not set).
2024-10-18 11:05:32.180 [info] > git rev-parse --show-toplevel [1ms]
2024-10-18 11:05:32.180 [info] fatal: not a git repository (or any parent up to mount point /)
Stopping at filesystem boundary (GIT_DISCOVERY_ACROSS_FILESYSTEM not set).
2024-10-18 11:08:16.232 [info] > git rev-parse --show-toplevel [2ms]
2024-10-18 11:08:16.232 [info] fatal: not a git repository (or any parent up to mount point /)
Stopping at filesystem boundary (GIT_DISCOVERY_ACROSS_FILESYSTEM not set).
2024-10-18 11:08:26.792 [info] > git rev-parse --show-toplevel [1ms]
2024-10-18 11:08:26.792 [info] fatal: not a git repository (or any parent up to mount point /)
Stopping at filesystem boundary (GIT_DISCOVERY_ACROSS_FILESYSTEM not set).
2024-10-18 11:09:08.037 [info] > git rev-parse --show-toplevel [2ms]
2024-10-18 11:09:08.037 [info] fatal: not a git repository (or any parent up to mount point /)
Stopping at filesystem boundary (GIT_DISCOVERY_ACROSS_FILESYSTEM not set).
2024-10-18 11:09:25.413 [info] > git rev-parse --show-toplevel [1ms]
2024-10-18 11:09:25.413 [info] fatal: not a git repository (or any parent up to mount point /)
Stopping at filesystem boundary (GIT_DISCOVERY_ACROSS_FILESYSTEM not set).
2024-10-18 11:09:26.746 [info] > git rev-parse --show-toplevel [1ms]
2024-10-18 11:09:26.746 [info] fatal: not a git repository (or any parent up to mount point /)
Stopping at filesystem boundary (GIT_DISCOVERY_ACROSS_FILESYSTEM not set).
2024-10-18 11:09:27.430 [info] > git rev-parse --show-toplevel [2ms]
2024-10-18 11:09:27.430 [info] fatal: not a git repository (or any parent up to mount point /)
Stopping at filesystem boundary (GIT_DISCOVERY_ACROSS_FILESYSTEM not set).
2024-10-18 11:09:33.329 [info] > git rev-parse --show-toplevel [2ms]
2024-10-18 11:09:33.329 [info] fatal: not a git repository (or any parent up to mount point /)
Stopping at filesystem boundary (GIT_DISCOVERY_ACROSS_FILESYSTEM not set).
2024-10-18 11:59:39.929 [info] > git rev-parse --show-toplevel [2ms]
2024-10-18 11:59:39.929 [info] fatal: not a git repository (or any parent up to mount point /)
Stopping at filesystem boundary (GIT_DISCOVERY_ACROSS_FILESYSTEM not set).
2024-10-18 12:02:01.756 [info] > git rev-parse --show-toplevel [1ms]
2024-10-18 12:02:01.756 [info] fatal: not a git repository (or any parent up to mount point /)
Stopping at filesystem boundary (GIT_DISCOVERY_ACROSS_FILESYSTEM not set).
2024-10-18 12:02:38.508 [info] > git rev-parse --show-toplevel [1ms]
2024-10-18 12:02:38.508 [info] fatal: not a git repository (or any parent up to mount point /)
Stopping at filesystem boundary (GIT_DISCOVERY_ACROSS_FILESYSTEM not set).
2024-10-18 12:03:41.123 [info] > git rev-parse --show-toplevel [1ms]
2024-10-18 12:03:41.123 [info] fatal: not a git repository (or any parent up to mount point /)
Stopping at filesystem boundary (GIT_DISCOVERY_ACROSS_FILESYSTEM not set).
2024-10-18 12:03:42.611 [info] > git rev-parse --show-toplevel [2ms]
2024-10-18 12:03:42.611 [info] fatal: not a git repository (or any parent up to mount point /)
Stopping at filesystem boundary (GIT_DISCOVERY_ACROSS_FILESYSTEM not set).
2024-10-18 12:03:43.081 [info] > git rev-parse --show-toplevel [2ms]
2024-10-18 12:03:43.081 [info] fatal: not a git repository (or any parent up to mount point /)
Stopping at filesystem boundary (GIT_DISCOVERY_ACROSS_FILESYSTEM not set).
2024-10-18 12:03:43.975 [info] > git rev-parse --show-toplevel [3ms]
2024-10-18 12:03:43.975 [info] fatal: not a git repository (or any parent up to mount point /)
Stopping at filesystem boundary (GIT_DISCOVERY_ACROSS_FILESYSTEM not set).
