2024-10-18 10:29:05.299 [info] Added views:outline in workbench.view.explorer
2024-10-18 10:29:05.299 [info] Added views:workbench.view.search in workbench.view.search
2024-10-18 10:29:05.299 [info] Added views:workbench.scm in workbench.view.scm
2024-10-18 10:29:05.299 [info] Added views:workbench.panel.markers.view in workbench.panel.markers
2024-10-18 10:29:05.300 [info] Added views:workbench.panel.output in workbench.panel.output
2024-10-18 10:29:05.300 [info] Added views:terminal in terminal
2024-10-18 10:29:05.300 [info] Added views:timeline in workbench.view.explorer
2024-10-18 10:29:05.300 [info] Added views:workbench.explorer.fileView in workbench.view.explorer
2024-10-18 10:29:05.648 [info] Added views:workbench.debug.variablesView,workbench.debug.watchExpressionsView,workbench.debug.callStackView,workbench.debug.breakPointsView in workbench.view.debug
2024-10-18 10:29:06.065 [info] Added views:~remote.forwardedPorts in ~remote.forwardedPortsContainer
2024-10-18 10:29:07.260 [info] Added views:workbench.panel.repl.view in workbench.panel.repl
2024-10-18 10:29:07.262 [info] Removed views:workbench.debug.breakPointsView,workbench.debug.callStackView,workbench.debug.watchExpressionsView,workbench.debug.variablesView from workbench.view.debug
2024-10-18 10:29:07.263 [info] Added views:workbench.debug.welcome in workbench.view.debug
2024-10-18 10:29:23.702 [info] Added views:workbench.views.extensions.installed,workbench.views.extensions.popular,extensions.recommendedList in workbench.view.extensions
2024-10-18 10:29:23.703 [info] Removed views:workbench.views.extensions.popular from workbench.view.extensions
2024-10-18 10:29:23.836 [info] Added views:workbench.views.extensions.popular in workbench.view.extensions
2024-10-18 10:29:26.408 [info] Removed views:extensions.recommendedList,workbench.views.extensions.popular,workbench.views.extensions.installed from workbench.view.extensions
2024-10-18 10:29:26.415 [info] Added views:workbench.views.extensions.marketplace in workbench.view.extensions
2024-10-18 10:29:28.443 [info] Removed views:workbench.views.extensions.marketplace from workbench.view.extensions
2024-10-18 10:29:28.451 [info] Added views:workbench.views.extensions.installed,workbench.views.extensions.popular,extensions.recommendedList in workbench.view.extensions
2024-10-18 10:29:31.816 [info] Removed views:extensions.recommendedList,workbench.views.extensions.popular,workbench.views.extensions.installed from workbench.view.extensions
2024-10-18 10:29:31.821 [info] Added views:workbench.views.extensions.marketplace in workbench.view.extensions
2024-10-18 10:30:05.702 [info] Removed views:workbench.views.extensions.marketplace from workbench.view.extensions
2024-10-18 10:30:05.711 [info] Added views:workbench.views.extensions.installed,workbench.views.extensions.popular,extensions.recommendedList in workbench.view.extensions
2024-10-18 10:30:20.878 [info] Added views:workbench.view.testing in workbench.view.extension.test
2024-10-18 10:30:33.414 [info] Removed views:extensions.recommendedList,workbench.views.extensions.popular,workbench.views.extensions.installed from workbench.view.extensions
2024-10-18 10:30:33.420 [info] Added views:workbench.views.extensions.marketplace in workbench.view.extensions
2024-10-18 10:34:26.846 [info] Removed views:workbench.views.extensions.marketplace from workbench.view.extensions
2024-10-18 10:34:26.856 [info] Added views:workbench.views.extensions.installed,workbench.views.extensions.popular,extensions.recommendedList in workbench.view.extensions
2024-10-18 10:34:57.863 [info] Removed views:extensions.recommendedList,workbench.views.extensions.popular,workbench.views.extensions.installed from workbench.view.extensions
2024-10-18 10:34:57.870 [info] Added views:workbench.views.extensions.marketplace in workbench.view.extensions
2024-10-18 10:35:06.937 [info] Removed views:workbench.views.extensions.marketplace from workbench.view.extensions
2024-10-18 10:35:06.945 [info] Added views:workbench.views.extensions.installed,workbench.views.extensions.popular,extensions.recommendedList in workbench.view.extensions
