2024-10-18 10:32:31.971 [info] WARNING:pygls.protocol:Cancel notification for unknown message id "49"

2024-10-18 10:33:39.883 [info] ERROR:pygls.protocol:Failed to handle request 215 textDocument/codeAction CodeActionParams(text_document=TextDocumentIdentifier(uri='file:///home/bitraven/Documents/TP/Python/str_ex1.py'), range=4:13-4:13, context=CodeActionContext(diagnostics=[], only=None, trigger_kind=<CodeActionTriggerKind.Automatic: 2>), work_done_token=None, partial_result_token=None)
Traceback (most recent call last):
  File "/home/bitraven/.vscode-oss/extensions/ms-python.python-2024.16.1-universal/python_files/lib/jedilsp/pygls/protocol.py", line 340, in _handle_request
    self._execute_request(msg_id, handler, params)
  File "/home/bitraven/.vscode-oss/extensions/ms-python.python-2024.16.1-universal/python_files/lib/jedilsp/pygls/protocol.py", line 264, in _execute_request
    self._send_response(msg_id, handler(params))
                                ^^^^^^^^^^^^^^^
  File "/home/bitraven/.vscode-oss/extensions/ms-python.python-2024.16.1-universal/python_files/lib/jedilsp/jedi_language_server/server.py", line 580, in code_action
    extract_variable_refactoring = jedi_script.extract_variable(
                                   ^^^^^^^^^^^^^^^^^^^^^^^^^^^^^
  File "/home/bitraven/.vscode-oss/extensions/ms-python.python-2024.16.1-universal/python_files/lib/jedilsp/jedi/api/helpers.py", line 487, in wrapper
    return func(self, line, column, *args, **kwargs)
           ^^^^^^^^^^^^^^^^^^^^^^^^^^^^^^^^^^^^^^^^^
  File "/home/bitraven/.vscode-oss/extensions/ms-python.python-2024.16.1-universal/python_files/lib/jedilsp/jedi/api/__init__.py", line 628, in extract_variable
    return extract_variable(
           ^^^^^^^^^^^^^^^^^
  File "/home/bitraven/.vscode-oss/extensions/ms-python.python-2024.16.1-universal/python_files/lib/jedilsp/jedi/api/refactoring/extract.py", line 19, in extract_variable
    nodes = _find_nodes(module_node, pos, until_pos)
            ^^^^^^^^^^^^^^^^^^^^^^^^^^^^^^^^^^^^^^^^
  File "/home/bitraven/.vscode-oss/extensions/ms-python.python-2024.16.1-universal/python_files/lib/jedilsp/jedi/api/refactoring/extract.py", line 87, in _find_nodes
    nodes = _remove_unwanted_expression_nodes(parent_node, pos, until_pos)
            ^^^^^^^^^^^^^^^^^^^^^^^^^^^^^^^^^^^^^^^^^^^^^^^^^^^^^^^^^^^^^^
  File "/home/bitraven/.vscode-oss/extensions/ms-python.python-2024.16.1-universal/python_files/lib/jedilsp/jedi/api/refactoring/extract.py", line 198, in _remove_unwanted_expression_nodes
    nodes[0:1] = _remove_unwanted_expression_nodes(nodes[0], pos, until_pos)
                 ^^^^^^^^^^^^^^^^^^^^^^^^^^^^^^^^^^^^^^^^^^^^^^^^^^^^^^^^^^^
  File "/home/bitraven/.vscode-oss/extensions/ms-python.python-2024.16.1-universal/python_files/lib/jedilsp/jedi/api/refactoring/extract.py", line 196, in _remove_unwanted_expression_nodes
    nodes = nodes[start_index:end_index + 1]
                  ^^^^^^^^^^^
UnboundLocalError: cannot access local variable 'start_index' where it is not associated with a value

2024-10-18 10:33:39.885 [info] [Error - 10:33:39 AM] Request textDocument/codeAction failed.
2024-10-18 10:33:39.885 [info]   Message: UnboundLocalError: cannot access local variable 'start_index' where it is not associated with a value
  Code: -32602 
{'traceback': ['  File "/home/bitraven/.vscode-oss/extensions/ms-python.python-2024.16.1-universal/python_files/lib/jedilsp/pygls/protocol.py", line 340, in _handle_request\n    self._execute_request(msg_id, handler, params)\n', '  File "/home/bitraven/.vscode-oss/extensions/ms-python.python-2024.16.1-universal/python_files/lib/jedilsp/pygls/protocol.py", line 264, in _execute_request\n    self._send_response(msg_id, handler(params))\n                                ^^^^^^^^^^^^^^^\n', '  File "/home/bitraven/.vscode-oss/extensions/ms-python.python-2024.16.1-universal/python_files/lib/jedilsp/jedi_language_server/server.py", line 580, in code_action\n    extract_variable_refactoring = jedi_script.extract_variable(\n                                   ^^^^^^^^^^^^^^^^^^^^^^^^^^^^^\n', '  File "/home/bitraven/.vscode-oss/extensions/ms-python.python-2024.16.1-universal/python_files/lib/jedilsp/jedi/api/helpers.py", line 487, in wrapper\n    return func(self, line, column, *args, **kwargs)\n           ^^^^^^^^^^^^^^^^^^^^^^^^^^^^^^^^^^^^^^^^^\n', '  File "/home/bitraven/.vscode-oss/extensions/ms-python.python-2024.16.1-universal/python_files/lib/jedilsp/jedi/api/__init__.py", line 628, in extract_variable\n    return extract_variable(\n           ^^^^^^^^^^^^^^^^^\n', '  File "/home/bitraven/.vscode-oss/extensions/ms-python.python-2024.16.1-universal/python_files/lib/jedilsp/jedi/api/refactoring/extract.py", line 19, in extract_variable\n    nodes = _find_nodes(module_node, pos, until_pos)\n            ^^^^^^^^^^^^^^^^^^^^^^^^^^^^^^^^^^^^^^^^\n', '  File "/home/bitraven/.vscode-oss/extensions/ms-python.python-2024.16.1-universal/python_files/lib/jedilsp/jedi/api/refactoring/extract.py", line 87, in _find_nodes\n    nodes = _remove_unwanted_expression_nodes(parent_node, pos, until_pos)\n            ^^^^^^^^^^^^^^^^^^^^^^^^^^^^^^^^^^^^^^^^^^^^^^^^^^^^^^^^^^^^^^\n', '  File "/home/bitraven/.vscode-oss/extensions/ms-python.python-2024.16.1-universal/python_files/lib/jedilsp/jedi/api/refactoring/extract.py", line 198, in _remove_unwanted_expression_nodes\n    nodes[0:1] = _remove_unwanted_expression_nodes(nodes[0], pos, until_pos)\n                 ^^^^^^^^^^^^^^^^^^^^^^^^^^^^^^^^^^^^^^^^^^^^^^^^^^^^^^^^^^^\n', '  File "/home/bitraven/.vscode-oss/extensions/ms-python.python-2024.16.1-universal/python_files/lib/jedilsp/jedi/api/refactoring/extract.py", line 196, in _remove_unwanted_expression_nodes\n    nodes = nodes[start_index:end_index + 1]\n                  ^^^^^^^^^^^\n']}
2024-10-18 10:33:43.440 [info] ERROR:pygls.protocol:Failed to handle request 223 textDocument/codeAction CodeActionParams(text_document=TextDocumentIdentifier(uri='file:///home/bitraven/Documents/TP/Python/str_ex1.py'), range=4:17-4:17, context=CodeActionContext(diagnostics=[], only=None, trigger_kind=<CodeActionTriggerKind.Automatic: 2>), work_done_token=None, partial_result_token=None)
Traceback (most recent call last):
  File "/home/bitraven/.vscode-oss/extensions/ms-python.python-2024.16.1-universal/python_files/lib/jedilsp/pygls/protocol.py", line 340, in _handle_request
    self._execute_request(msg_id, handler, params)
  File "/home/bitraven/.vscode-oss/extensions/ms-python.python-2024.16.1-universal/python_files/lib/jedilsp/pygls/protocol.py", line 264, in _execute_request
    self._send_response(msg_id, handler(params))
                                ^^^^^^^^^^^^^^^
  File "/home/bitraven/.vscode-oss/extensions/ms-python.python-2024.16.1-universal/python_files/lib/jedilsp/jedi_language_server/server.py", line 580, in code_action
    extract_variable_refactoring = jedi_script.extract_variable(
                                   ^^^^^^^^^^^^^^^^^^^^^^^^^^^^^
  File "/home/bitraven/.vscode-oss/extensions/ms-python.python-2024.16.1-universal/python_files/lib/jedilsp/jedi/api/helpers.py", line 487, in wrapper
    return func(self, line, column, *args, **kwargs)
           ^^^^^^^^^^^^^^^^^^^^^^^^^^^^^^^^^^^^^^^^^
  File "/home/bitraven/.vscode-oss/extensions/ms-python.python-2024.16.1-universal/python_files/lib/jedilsp/jedi/api/__init__.py", line 628, in extract_variable
    return extract_variable(
           ^^^^^^^^^^^^^^^^^
  File "/home/bitraven/.vscode-oss/extensions/ms-python.python-2024.16.1-universal/python_files/lib/jedilsp/jedi/api/refactoring/extract.py", line 19, in extract_variable
    nodes = _find_nodes(module_node, pos, until_pos)
            ^^^^^^^^^^^^^^^^^^^^^^^^^^^^^^^^^^^^^^^^
  File "/home/bitraven/.vscode-oss/extensions/ms-python.python-2024.16.1-universal/python_files/lib/jedilsp/jedi/api/refactoring/extract.py", line 87, in _find_nodes
    nodes = _remove_unwanted_expression_nodes(parent_node, pos, until_pos)
            ^^^^^^^^^^^^^^^^^^^^^^^^^^^^^^^^^^^^^^^^^^^^^^^^^^^^^^^^^^^^^^
  File "/home/bitraven/.vscode-oss/extensions/ms-python.python-2024.16.1-universal/python_files/lib/jedilsp/jedi/api/refactoring/extract.py", line 198, in _remove_unwanted_expression_nodes
    nodes[0:1] = _remove_unwanted_expression_nodes(nodes[0], pos, until_pos)
                 ^^^^^^^^^^^^^^^^^^^^^^^^^^^^^^^^^^^^^^^^^^^^^^^^^^^^^^^^^^^
  File "/home/bitraven/.vscode-oss/extensions/ms-python.python-2024.16.1-universal/python_files/lib/jedilsp/jedi/api/refactoring/extract.py", line 196, in _remove_unwanted_expression_nodes
    nodes = nodes[start_index:end_index + 1]
                  ^^^^^^^^^^^
UnboundLocalError: cannot access local variable 'start_index' where it is not associated with a value

2024-10-18 10:33:43.441 [info] [Error - 10:33:43 AM] Request textDocument/codeAction failed.
2024-10-18 10:33:43.441 [info]   Message: UnboundLocalError: cannot access local variable 'start_index' where it is not associated with a value
  Code: -32602 
{'traceback': ['  File "/home/bitraven/.vscode-oss/extensions/ms-python.python-2024.16.1-universal/python_files/lib/jedilsp/pygls/protocol.py", line 340, in _handle_request\n    self._execute_request(msg_id, handler, params)\n', '  File "/home/bitraven/.vscode-oss/extensions/ms-python.python-2024.16.1-universal/python_files/lib/jedilsp/pygls/protocol.py", line 264, in _execute_request\n    self._send_response(msg_id, handler(params))\n                                ^^^^^^^^^^^^^^^\n', '  File "/home/bitraven/.vscode-oss/extensions/ms-python.python-2024.16.1-universal/python_files/lib/jedilsp/jedi_language_server/server.py", line 580, in code_action\n    extract_variable_refactoring = jedi_script.extract_variable(\n                                   ^^^^^^^^^^^^^^^^^^^^^^^^^^^^^\n', '  File "/home/bitraven/.vscode-oss/extensions/ms-python.python-2024.16.1-universal/python_files/lib/jedilsp/jedi/api/helpers.py", line 487, in wrapper\n    return func(self, line, column, *args, **kwargs)\n           ^^^^^^^^^^^^^^^^^^^^^^^^^^^^^^^^^^^^^^^^^\n', '  File "/home/bitraven/.vscode-oss/extensions/ms-python.python-2024.16.1-universal/python_files/lib/jedilsp/jedi/api/__init__.py", line 628, in extract_variable\n    return extract_variable(\n           ^^^^^^^^^^^^^^^^^\n', '  File "/home/bitraven/.vscode-oss/extensions/ms-python.python-2024.16.1-universal/python_files/lib/jedilsp/jedi/api/refactoring/extract.py", line 19, in extract_variable\n    nodes = _find_nodes(module_node, pos, until_pos)\n            ^^^^^^^^^^^^^^^^^^^^^^^^^^^^^^^^^^^^^^^^\n', '  File "/home/bitraven/.vscode-oss/extensions/ms-python.python-2024.16.1-universal/python_files/lib/jedilsp/jedi/api/refactoring/extract.py", line 87, in _find_nodes\n    nodes = _remove_unwanted_expression_nodes(parent_node, pos, until_pos)\n            ^^^^^^^^^^^^^^^^^^^^^^^^^^^^^^^^^^^^^^^^^^^^^^^^^^^^^^^^^^^^^^\n', '  File "/home/bitraven/.vscode-oss/extensions/ms-python.python-2024.16.1-universal/python_files/lib/jedilsp/jedi/api/refactoring/extract.py", line 198, in _remove_unwanted_expression_nodes\n    nodes[0:1] = _remove_unwanted_expression_nodes(nodes[0], pos, until_pos)\n                 ^^^^^^^^^^^^^^^^^^^^^^^^^^^^^^^^^^^^^^^^^^^^^^^^^^^^^^^^^^^\n', '  File "/home/bitraven/.vscode-oss/extensions/ms-python.python-2024.16.1-universal/python_files/lib/jedilsp/jedi/api/refactoring/extract.py", line 196, in _remove_unwanted_expression_nodes\n    nodes = nodes[start_index:end_index + 1]\n                  ^^^^^^^^^^^\n']}
2024-10-18 10:33:47.332 [info] WARNING:pygls.protocol:Cancel notification for unknown message id "242"

2024-10-18 10:37:57.984 [info] WARNING:pygls.protocol:Cancel notification for unknown message id "550"

2024-10-18 10:44:53.681 [info] WARNING:pygls.protocol:Cancel notification for unknown message id "1220"

2024-10-18 10:54:45.034 [info] WARNING:pygls.protocol:Cancel notification for unknown message id "2311"

2024-10-18 10:54:45.319 [info] WARNING:pygls.protocol:Cancel notification for unknown message id "2313"

2024-10-18 10:54:45.984 [info] WARNING:pygls.protocol:Cancel notification for unknown message id "2314"

2024-10-18 10:54:45.986 [info] WARNING:pygls.protocol:Cancel notification for unknown message id "2315"

2024-10-18 10:56:47.647 [info] WARNING:pygls.protocol:Cancel notification for unknown message id "2490"

2024-10-18 10:57:03.698 [info] WARNING:pygls.protocol:Cancel notification for unknown message id "2548"

2024-10-18 11:02:50.026 [info] WARNING:pygls.protocol:Cancel notification for unknown message id "2951"

2024-10-18 11:03:46.773 [info] WARNING:pygls.protocol:Cancel notification for unknown message id "3191"

2024-10-18 11:03:52.489 [info] WARNING:pygls.protocol:Cancel notification for unknown message id "3210"

2024-10-18 11:03:53.733 [info] WARNING:pygls.protocol:Cancel notification for unknown message id "3217"

2024-10-18 11:04:03.664 [info] WARNING:pygls.protocol:Cancel notification for unknown message id "3252"

2024-10-18 11:06:50.345 [info] WARNING:pygls.protocol:Cancel notification for unknown message id "3579"

2024-10-18 11:07:04.009 [info] WARNING:pygls.protocol:Cancel notification for unknown message id "3615"

2024-10-18 11:09:35.449 [info] WARNING:pygls.protocol:Cancel notification for unknown message id "3849"

2024-10-18 11:09:41.964 [info] WARNING:pygls.protocol:Cancel notification for unknown message id "3864"

2024-10-18 11:10:22.347 [info] WARNING:pygls.protocol:Cancel notification for unknown message id "3925"

2024-10-18 11:10:37.810 [info] WARNING:pygls.protocol:Cancel notification for unknown message id "3991"

2024-10-18 11:12:03.754 [info] WARNING:pygls.protocol:Cancel notification for unknown message id "4290"

2024-10-18 11:12:03.889 [info] WARNING:pygls.protocol:Cancel notification for unknown message id "4291"

