2024-10-18 10:30:20.945 [info] Telemetry level is off
2024-10-18 10:30:20.945 [info] Experiments are disabled, only manually opted experiments are active.
2024-10-18 10:30:20.945 [warning] Dir "/home/bitraven/Documents/TP/Python/.pixi/envs" is not watchable (directory does not exist)
2024-10-18 10:30:20.945 [info] Default formatter is set to null for workspace /home/bitraven/Documents/TP/Python
2024-10-18 10:30:20.945 [info] Starting Environment refresh
2024-10-18 10:30:20.945 [info] Searching for interpreters in posix paths locator
2024-10-18 10:30:20.945 [info] Searching for pyenv environments
2024-10-18 10:30:20.945 [info] Searching for conda environments
2024-10-18 10:30:20.945 [info] Searching for global virtual environments
2024-10-18 10:30:20.945 [info] Searching for custom virtual environments
2024-10-18 10:30:20.945 [info] pyenv is not installed
2024-10-18 10:30:20.945 [info] Finished searching for pyenv environments: 9 milliseconds
2024-10-18 10:30:20.945 [info] Finished searching for custom virtual envs: 9 milliseconds
2024-10-18 10:30:20.945 [info] > conda info --json
2024-10-18 10:30:20.945 [info] > pixi --version
2024-10-18 10:30:20.945 [info] > hatch env show --json
2024-10-18 10:30:20.945 [info] cwd: .
2024-10-18 10:30:20.945 [info] > pyenv which python
2024-10-18 10:30:20.945 [info] cwd: .
2024-10-18 10:30:20.945 [info] Finished searching for global virtual envs: 48 milliseconds
2024-10-18 10:30:20.946 [info] Found: /bin/python --> /bin/python3.12
2024-10-18 10:30:20.947 [info] Found: /bin/python3 --> /bin/python3.12
2024-10-18 10:30:20.947 [info] Found: /bin/python3.12 --> /bin/python3.12
2024-10-18 10:30:21.039 [info] Found: /sbin/python --> /sbin/python3.12
2024-10-18 10:30:21.039 [info] Found: /sbin/python3 --> /sbin/python3.12
2024-10-18 10:30:21.039 [info] Found: /sbin/python3.12 --> /sbin/python3.12
2024-10-18 10:30:21.043 [info] Found: /usr/bin/python --> /usr/bin/python3.12
2024-10-18 10:30:21.044 [info] Found: /usr/bin/python3 --> /usr/bin/python3.12
2024-10-18 10:30:21.044 [info] Found: /usr/bin/python3.12 --> /usr/bin/python3.12
2024-10-18 10:30:21.061 [info] Found: /usr/sbin/python --> /usr/sbin/python3.12
2024-10-18 10:30:21.061 [info] Found: /usr/sbin/python3 --> /usr/sbin/python3.12
2024-10-18 10:30:21.061 [info] Found: /usr/sbin/python3.12 --> /usr/sbin/python3.12
2024-10-18 10:30:21.078 [info] > /bin/python -I ~/.vscode-oss/extensions/ms-python.python-2024.16.1-universal/python_files/get_output_via_markers.py ~/.vscode-oss/extensions/ms-python.python-2024.16.1-universal/python_files/interpreterInfo.py
2024-10-18 10:30:21.097 [info] > /sbin/python -I ~/.vscode-oss/extensions/ms-python.python-2024.16.1-universal/python_files/get_output_via_markers.py ~/.vscode-oss/extensions/ms-python.python-2024.16.1-universal/python_files/interpreterInfo.py
2024-10-18 10:30:21.109 [info] Finished searching for interpreters in posix paths locator: 223 milliseconds
2024-10-18 10:30:21.116 [info] Environments refresh paths discovered (event): 231 milliseconds
2024-10-18 10:30:21.116 [info] Environments refresh paths discovered: 231 milliseconds
2024-10-18 10:30:21.144 [info] > /usr/bin/python -I ~/.vscode-oss/extensions/ms-python.python-2024.16.1-universal/python_files/get_output_via_markers.py ~/.vscode-oss/extensions/ms-python.python-2024.16.1-universal/python_files/interpreterInfo.py
2024-10-18 10:30:21.153 [info] > /usr/sbin/python -I ~/.vscode-oss/extensions/ms-python.python-2024.16.1-universal/python_files/get_output_via_markers.py ~/.vscode-oss/extensions/ms-python.python-2024.16.1-universal/python_files/interpreterInfo.py
2024-10-18 10:30:21.189 [info] Environments refresh finished (event): 304 milliseconds
2024-10-18 10:30:21.195 [info] Environment refresh took 309 milliseconds
2024-10-18 10:30:21.199 [info] Python interpreter path: /bin/python
2024-10-18 10:30:22.843 [info] Starting Jedi language server for Python.
2024-10-18 10:31:22.842 [info] Discover tests for workspace name: undefined - uri: /home/bitraven/.config/VSCodium/User/settings.json
2024-10-18 10:31:43.600 [info] Discover tests for workspace name: Python - uri: /home/bitraven/Documents/TP/Python/str_ex1.py
2024-10-18 10:33:07.653 [info] Discover tests for workspace name: Python - uri: /home/bitraven/Documents/TP/Python/str_ex1.py
2024-10-18 10:33:17.093 [info] CreateEnv Trigger - Skipping for /home/bitraven/Documents/TP/Python/str_ex1.py
2024-10-18 10:33:30.256 [info] Discover tests for workspace name: Python - uri: /home/bitraven/Documents/TP/Python/str_ex1.py
2024-10-18 10:33:31.277 [info] Discover tests for workspace name: Python - uri: /home/bitraven/Documents/TP/Python/str_ex1.py
2024-10-18 10:33:49.137 [info] Discover tests for workspace name: Python - uri: /home/bitraven/Documents/TP/Python/str_ex1.py
2024-10-18 10:34:19.501 [info] Discover tests for workspace name: undefined - uri: /home/bitraven/.config/VSCodium/User/settings.json
2024-10-18 10:37:28.666 [info] Discover tests for workspace name: Python - uri: /home/bitraven/Documents/TP/Python/str_ex2.py
2024-10-18 10:38:34.377 [info] Discover tests for workspace name: Python - uri: /home/bitraven/Documents/TP/Python/str_ex2.py
2024-10-18 10:39:05.520 [info] Discover tests for workspace name: Python - uri: /home/bitraven/Documents/TP/Python/str_ex2.py
2024-10-18 10:39:06.407 [info] Discover tests for workspace name: Python - uri: /home/bitraven/Documents/TP/Python/str_ex2.py
2024-10-18 10:39:07.581 [info] Discover tests for workspace name: Python - uri: /home/bitraven/Documents/TP/Python/str_ex2.py
2024-10-18 10:39:21.065 [info] Discover tests for workspace name: Python - uri: /home/bitraven/Documents/TP/Python/str_ex2.py
2024-10-18 10:39:33.314 [info] Discover tests for workspace name: Python - uri: /home/bitraven/Documents/TP/Python/str_ex2.py
2024-10-18 10:39:49.202 [info] Discover tests for workspace name: Python - uri: /home/bitraven/Documents/TP/Python/str_ex2.py
2024-10-18 10:40:21.809 [info] Discover tests for workspace name: Python - uri: /home/bitraven/Documents/TP/Python/str_ex2.py
2024-10-18 10:40:27.589 [info] Discover tests for workspace name: Python - uri: /home/bitraven/Documents/TP/Python/str_ex2.py
2024-10-18 10:40:29.256 [info] Discover tests for workspace name: Python - uri: /home/bitraven/Documents/TP/Python/str_ex2.py
2024-10-18 10:42:33.381 [info] Discover tests for workspace name: Python - uri: /home/bitraven/Documents/TP/Python/str_ex2.py
2024-10-18 10:42:49.849 [info] Discover tests for workspace name: Python - uri: /home/bitraven/Documents/TP/Python/str_ex2.py
2024-10-18 10:42:50.896 [info] Discover tests for workspace name: Python - uri: /home/bitraven/Documents/TP/Python/str_ex2.py
2024-10-18 10:44:39.485 [info] Discover tests for workspace name: Python - uri: /home/bitraven/Documents/TP/Python/str_ex3.py
2024-10-18 10:45:06.199 [info] Discover tests for workspace name: Python - uri: /home/bitraven/Documents/TP/Python/str_ex3.py
2024-10-18 10:45:15.929 [info] Discover tests for workspace name: Python - uri: /home/bitraven/Documents/TP/Python/str_ex3.py
2024-10-18 10:45:37.807 [info] Discover tests for workspace name: Python - uri: /home/bitraven/Documents/TP/Python/str_ex3.py
2024-10-18 10:45:45.825 [info] Discover tests for workspace name: Python - uri: /home/bitraven/Documents/TP/Python/str_ex3.py
2024-10-18 10:48:00.424 [info] Discover tests for workspace name: Python - uri: /home/bitraven/Documents/TP/Python/tup_ex1.py
2024-10-18 10:48:10.816 [info] Discover tests for workspace name: Python - uri: /home/bitraven/Documents/TP/Python/tup_ex1.py
2024-10-18 10:48:24.338 [info] Discover tests for workspace name: Python - uri: /home/bitraven/Documents/TP/Python/tup_ex1.py
2024-10-18 10:48:29.337 [info] Discover tests for workspace name: Python - uri: /home/bitraven/Documents/TP/Python/tup_ex1.py
2024-10-18 10:49:01.121 [info] Discover tests for workspace name: Python - uri: /home/bitraven/Documents/TP/Python/tup_ex1.py
2024-10-18 10:49:40.575 [info] Discover tests for workspace name: Python - uri: /home/bitraven/Documents/TP/Python/tup_ex1.py
2024-10-18 10:50:43.695 [info] Discover tests for workspace name: Python - uri: /home/bitraven/Documents/TP/Python/tup_ex1.py
2024-10-18 10:50:47.469 [info] Discover tests for workspace name: Python - uri: /home/bitraven/Documents/TP/Python/tup_ex1.py
2024-10-18 10:51:37.530 [info] Discover tests for workspace name: Python - uri: /home/bitraven/Documents/TP/Python/tup_ex1.py
2024-10-18 10:51:43.214 [info] Discover tests for workspace name: Python - uri: /home/bitraven/Documents/TP/Python/tup_ex1.py
2024-10-18 10:52:01.418 [info] Discover tests for workspace name: undefined - uri: /home/bitraven/.config/VSCodium/User/settings.json
2024-10-18 10:54:41.276 [info] Discover tests for workspace name: Python - uri: /home/bitraven/Documents/TP/Python/set.py
2024-10-18 10:54:53.489 [info] Discover tests for workspace name: Python - uri: /home/bitraven/Documents/TP/Python/set.py
2024-10-18 10:57:02.757 [info] Discover tests for workspace name: Python - uri: /home/bitraven/Documents/TP/Python/set.py
2024-10-18 10:57:13.670 [info] Discover tests for workspace name: Python - uri: /home/bitraven/Documents/TP/Python/set.py
2024-10-18 10:58:12.261 [info] Discover tests for workspace name: Python - uri: /home/bitraven/Documents/TP/Python/set.py
2024-10-18 10:58:28.853 [info] Discover tests for workspace name: Python - uri: /home/bitraven/Documents/TP/Python/set.py
2024-10-18 10:59:18.331 [info] Discover tests for workspace name: Python - uri: /home/bitraven/Documents/TP/Python/set.py
2024-10-18 10:59:25.724 [info] Discover tests for workspace name: Python - uri: /home/bitraven/Documents/TP/Python/set.py
2024-10-18 11:02:58.982 [info] Discover tests for workspace name: Python - uri: /home/bitraven/Documents/TP/Python/dict_ex1.py
2024-10-18 11:03:55.406 [info] Discover tests for workspace name: Python - uri: /home/bitraven/Documents/TP/Python/dict_ex1.py
2024-10-18 11:04:03.735 [info] Discover tests for workspace name: Python - uri: /home/bitraven/Documents/TP/Python/dict_ex1.py
2024-10-18 11:05:20.403 [info] Discover tests for workspace name: Python - uri: /home/bitraven/Documents/TP/Python/tup_ex1.py
2024-10-18 11:07:28.129 [info] Discover tests for workspace name: Python - uri: /home/bitraven/Documents/TP/Python/dict_ex2.py
2024-10-18 11:07:46.691 [info] Discover tests for workspace name: Python - uri: /home/bitraven/Documents/TP/Python/dict_ex2.py
2024-10-18 11:08:03.308 [info] Discover tests for workspace name: Python - uri: /home/bitraven/Documents/TP/Python/dict_ex2.py
2024-10-18 11:08:03.809 [info] Discover tests for workspace name: Python - uri: /home/bitraven/Documents/TP/Python/dict_ex2.py
2024-10-18 11:08:32.874 [info] Discover tests for workspace name: Python - uri: /home/bitraven/Documents/TP/Python/dict_ex2.py
2024-10-18 11:08:47.110 [info] Discover tests for workspace name: Python - uri: /home/bitraven/Documents/TP/Python/dict_ex2.py
2024-10-18 11:08:58.432 [info] Discover tests for workspace name: Python - uri: /home/bitraven/Documents/TP/Python/dict_ex2.py
2024-10-18 11:10:52.808 [info] Discover tests for workspace name: Python - uri: /home/bitraven/Documents/TP/Python/dict_ex3.py
2024-10-18 11:12:16.367 [info] Discover tests for workspace name: Python - uri: /home/bitraven/Documents/TP/Python/dict_ex3.py
2024-10-18 11:12:27.868 [info] Discover tests for workspace name: Python - uri: /home/bitraven/Documents/TP/Python/dict_ex3.py
2024-10-18 11:12:29.522 [info] Discover tests for workspace name: Python - uri: /home/bitraven/Documents/TP/Python/dict_ex3.py
2024-10-18 11:12:40.425 [info] Discover tests for workspace name: Python - uri: /home/bitraven/Documents/TP/Python/dict_ex3.py
2024-10-18 11:13:24.824 [info] Discover tests for workspace name: Python - uri: /home/bitraven/Documents/TP/Python/dict_ex3.py
2024-10-18 11:13:37.038 [info] Discover tests for workspace name: Python - uri: /home/bitraven/Documents/TP/Python/dict_ex3.py
2024-10-18 11:14:28.533 [info] Discover tests for workspace name: Python - uri: /home/bitraven/Documents/TP/Python/dict_ex3.py
2024-10-18 11:14:44.621 [info] Discover tests for workspace name: Python - uri: /home/bitraven/Documents/TP/Python/dict_ex3.py
2024-10-18 12:02:49.478 [info] Discover tests for workspace name: Python - uri: /home/bitraven/Documents/TP/Python/dict_ex2.py
