2024-10-19T16:40:38.744Z [Modules] Modules initializing
2024-10-19T16:40:38.744Z [Modules] Distribution: remote
2024-10-19T16:40:38.744Z [Modules] Host updates: enabled
2024-10-19T16:40:38.744Z [Modules] Module updates: enabled
2024-10-19T16:40:38.744Z [Modules] Module install path: /home/bitraven/.config/discord/0.0.71/modules
2024-10-19T16:40:38.744Z [Modules] Module installed file path: /home/bitraven/.config/discord/0.0.71/modules/installed.json
2024-10-19T16:40:38.744Z [Modules] Module download path: /home/bitraven/.config/discord/0.0.71/modules/pending
2024-10-19T16:40:39.154Z [Modules] Bootstrapping...
2024-10-19T16:40:39.155Z [Modules] Installing discord_desktop_core@0 from /opt/discord/resources/bootstrap/discord_desktop_core.zip
2024-10-19T16:40:39.158Z [Modules] Failed installing discord_desktop_core@0: Error: ENOENT: no such file or directory, open '/opt/discord/resources/bootstrap/discord_desktop_core.zip'
2024-10-19T16:40:39.158Z [Modules] Installing discord_erlpack@0 from /opt/discord/resources/bootstrap/discord_erlpack.zip
2024-10-19T16:40:39.160Z [Modules] Failed installing discord_erlpack@0: Error: ENOENT: no such file or directory, open '/opt/discord/resources/bootstrap/discord_erlpack.zip'
2024-10-19T16:40:39.161Z [Modules] Installing discord_spellcheck@0 from /opt/discord/resources/bootstrap/discord_spellcheck.zip
2024-10-19T16:40:39.162Z [Modules] Failed installing discord_spellcheck@0: Error: ENOENT: no such file or directory, open '/opt/discord/resources/bootstrap/discord_spellcheck.zip'
2024-10-19T16:40:39.162Z [Modules] Installing discord_utils@0 from /opt/discord/resources/bootstrap/discord_utils.zip
2024-10-19T16:40:39.163Z [Modules] Failed installing discord_utils@0: Error: ENOENT: no such file or directory, open '/opt/discord/resources/bootstrap/discord_utils.zip'
2024-10-19T16:40:39.163Z [Modules] Installing discord_voice@0 from /opt/discord/resources/bootstrap/discord_voice.zip
2024-10-19T16:40:39.164Z [Modules] Failed installing discord_voice@0: Error: ENOENT: no such file or directory, open '/opt/discord/resources/bootstrap/discord_voice.zip'
2024-10-19T16:40:39.165Z [Modules] Installing discord_zstd@0 from /opt/discord/resources/bootstrap/discord_zstd.zip
2024-10-19T16:40:39.165Z [Modules] Failed installing discord_zstd@0: Error: ENOENT: no such file or directory, open '/opt/discord/resources/bootstrap/discord_zstd.zip'
2024-10-19T16:40:39.166Z [Modules] Finished module installations. [success: 0] [failure: 6]
2024-10-19T16:40:39.166Z [Modules] Checking for host updates.
2024-10-19T16:40:41.612Z [Modules] Host is up to date.
2024-10-19T16:40:41.612Z [Modules] Checking for module updates at https://discord.com/api/modules/stable/versions.json
2024-10-19T16:40:41.839Z [Modules] Module update available: discord_desktop_core@1 [installed: 0]
2024-10-19T16:40:41.839Z [Modules] Module update available: discord_erlpack@1 [installed: 0]
2024-10-19T16:40:41.839Z [Modules] Module update available: discord_spellcheck@1 [installed: 0]
2024-10-19T16:40:41.839Z [Modules] Module update available: discord_utils@1 [installed: 0]
2024-10-19T16:40:41.839Z [Modules] Module update available: discord_voice@1 [installed: 0]
2024-10-19T16:40:41.839Z [Modules] Module update available: discord_zstd@1 [installed: 0]
2024-10-19T16:40:41.840Z [Modules] Fetching discord_desktop_core@1 from https://discord.com/api/modules/stable/discord_desktop_core/1
2024-10-19T16:40:41.840Z [Modules] Streaming discord_desktop_core@1 to /home/bitraven/.config/discord/0.0.71/modules/pending/discord_desktop_core-1.zip
2024-10-19T16:40:42.846Z [Modules] Streaming discord_desktop_core@1 to /home/bitraven/.config/discord/0.0.71/modules/pending/discord_desktop_core-1.zip: 1%
2024-10-19T16:40:42.955Z [Modules] Streaming discord_desktop_core@1 to /home/bitraven/.config/discord/0.0.71/modules/pending/discord_desktop_core-1.zip: 4%
2024-10-19T16:40:43.032Z [Modules] Streaming discord_desktop_core@1 to /home/bitraven/.config/discord/0.0.71/modules/pending/discord_desktop_core-1.zip: 5%
2024-10-19T16:40:43.042Z [Modules] Streaming discord_desktop_core@1 to /home/bitraven/.config/discord/0.0.71/modules/pending/discord_desktop_core-1.zip: 6%
2024-10-19T16:40:43.080Z [Modules] Streaming discord_desktop_core@1 to /home/bitraven/.config/discord/0.0.71/modules/pending/discord_desktop_core-1.zip: 8%
2024-10-19T16:40:43.106Z [Modules] Streaming discord_desktop_core@1 to /home/bitraven/.config/discord/0.0.71/modules/pending/discord_desktop_core-1.zip: 9%
2024-10-19T16:40:43.164Z [Modules] Streaming discord_desktop_core@1 to /home/bitraven/.config/discord/0.0.71/modules/pending/discord_desktop_core-1.zip: 10%
2024-10-19T16:40:43.168Z [Modules] Streaming discord_desktop_core@1 to /home/bitraven/.config/discord/0.0.71/modules/pending/discord_desktop_core-1.zip: 13%
2024-10-19T16:40:43.172Z [Modules] Streaming discord_desktop_core@1 to /home/bitraven/.config/discord/0.0.71/modules/pending/discord_desktop_core-1.zip: 15%
2024-10-19T16:40:43.175Z [Modules] Streaming discord_desktop_core@1 to /home/bitraven/.config/discord/0.0.71/modules/pending/discord_desktop_core-1.zip: 16%
2024-10-19T16:40:43.179Z [Modules] Streaming discord_desktop_core@1 to /home/bitraven/.config/discord/0.0.71/modules/pending/discord_desktop_core-1.zip: 17%
2024-10-19T16:40:43.187Z [Modules] Streaming discord_desktop_core@1 to /home/bitraven/.config/discord/0.0.71/modules/pending/discord_desktop_core-1.zip: 18%
2024-10-19T16:40:43.250Z [Modules] Streaming discord_desktop_core@1 to /home/bitraven/.config/discord/0.0.71/modules/pending/discord_desktop_core-1.zip: 19%
2024-10-19T16:40:43.253Z [Modules] Streaming discord_desktop_core@1 to /home/bitraven/.config/discord/0.0.71/modules/pending/discord_desktop_core-1.zip: 21%
2024-10-19T16:40:43.256Z [Modules] Streaming discord_desktop_core@1 to /home/bitraven/.config/discord/0.0.71/modules/pending/discord_desktop_core-1.zip: 23%
2024-10-19T16:40:43.272Z [Modules] Streaming discord_desktop_core@1 to /home/bitraven/.config/discord/0.0.71/modules/pending/discord_desktop_core-1.zip: 25%
2024-10-19T16:40:43.274Z [Modules] Streaming discord_desktop_core@1 to /home/bitraven/.config/discord/0.0.71/modules/pending/discord_desktop_core-1.zip: 26%
2024-10-19T16:40:43.280Z [Modules] Streaming discord_desktop_core@1 to /home/bitraven/.config/discord/0.0.71/modules/pending/discord_desktop_core-1.zip: 27%
2024-10-19T16:40:43.313Z [Modules] Streaming discord_desktop_core@1 to /home/bitraven/.config/discord/0.0.71/modules/pending/discord_desktop_core-1.zip: 30%
2024-10-19T16:40:43.317Z [Modules] Streaming discord_desktop_core@1 to /home/bitraven/.config/discord/0.0.71/modules/pending/discord_desktop_core-1.zip: 32%
2024-10-19T16:40:43.322Z [Modules] Streaming discord_desktop_core@1 to /home/bitraven/.config/discord/0.0.71/modules/pending/discord_desktop_core-1.zip: 35%
2024-10-19T16:40:43.352Z [Modules] Streaming discord_desktop_core@1 to /home/bitraven/.config/discord/0.0.71/modules/pending/discord_desktop_core-1.zip: 37%
2024-10-19T16:40:43.403Z [Modules] Streaming discord_desktop_core@1 to /home/bitraven/.config/discord/0.0.71/modules/pending/discord_desktop_core-1.zip: 38%
2024-10-19T16:40:43.415Z [Modules] Streaming discord_desktop_core@1 to /home/bitraven/.config/discord/0.0.71/modules/pending/discord_desktop_core-1.zip: 40%
2024-10-19T16:40:43.416Z [Modules] Streaming discord_desktop_core@1 to /home/bitraven/.config/discord/0.0.71/modules/pending/discord_desktop_core-1.zip: 42%
2024-10-19T16:40:43.419Z [Modules] Streaming discord_desktop_core@1 to /home/bitraven/.config/discord/0.0.71/modules/pending/discord_desktop_core-1.zip: 43%
2024-10-19T16:40:43.427Z [Modules] Streaming discord_desktop_core@1 to /home/bitraven/.config/discord/0.0.71/modules/pending/discord_desktop_core-1.zip: 45%
2024-10-19T16:40:43.433Z [Modules] Streaming discord_desktop_core@1 to /home/bitraven/.config/discord/0.0.71/modules/pending/discord_desktop_core-1.zip: 48%
2024-10-19T16:40:43.496Z [Modules] Streaming discord_desktop_core@1 to /home/bitraven/.config/discord/0.0.71/modules/pending/discord_desktop_core-1.zip: 50%
2024-10-19T16:40:43.501Z [Modules] Streaming discord_desktop_core@1 to /home/bitraven/.config/discord/0.0.71/modules/pending/discord_desktop_core-1.zip: 53%
2024-10-19T16:40:43.508Z [Modules] Streaming discord_desktop_core@1 to /home/bitraven/.config/discord/0.0.71/modules/pending/discord_desktop_core-1.zip: 55%
2024-10-19T16:40:43.517Z [Modules] Streaming discord_desktop_core@1 to /home/bitraven/.config/discord/0.0.71/modules/pending/discord_desktop_core-1.zip: 57%
2024-10-19T16:40:43.521Z [Modules] Streaming discord_desktop_core@1 to /home/bitraven/.config/discord/0.0.71/modules/pending/discord_desktop_core-1.zip: 60%
2024-10-19T16:40:43.577Z [Modules] Streaming discord_desktop_core@1 to /home/bitraven/.config/discord/0.0.71/modules/pending/discord_desktop_core-1.zip: 63%
2024-10-19T16:40:43.619Z [Modules] Streaming discord_desktop_core@1 to /home/bitraven/.config/discord/0.0.71/modules/pending/discord_desktop_core-1.zip: 65%
2024-10-19T16:40:43.622Z [Modules] Streaming discord_desktop_core@1 to /home/bitraven/.config/discord/0.0.71/modules/pending/discord_desktop_core-1.zip: 67%
2024-10-19T16:40:43.636Z [Modules] Streaming discord_desktop_core@1 to /home/bitraven/.config/discord/0.0.71/modules/pending/discord_desktop_core-1.zip: 69%
2024-10-19T16:40:43.639Z [Modules] Streaming discord_desktop_core@1 to /home/bitraven/.config/discord/0.0.71/modules/pending/discord_desktop_core-1.zip: 70%
2024-10-19T16:40:43.689Z [Modules] Streaming discord_desktop_core@1 to /home/bitraven/.config/discord/0.0.71/modules/pending/discord_desktop_core-1.zip: 73%
2024-10-19T16:40:43.691Z [Modules] Streaming discord_desktop_core@1 to /home/bitraven/.config/discord/0.0.71/modules/pending/discord_desktop_core-1.zip: 74%
2024-10-19T16:40:43.694Z [Modules] Streaming discord_desktop_core@1 to /home/bitraven/.config/discord/0.0.71/modules/pending/discord_desktop_core-1.zip: 75%
2024-10-19T16:40:43.695Z [Modules] Streaming discord_desktop_core@1 to /home/bitraven/.config/discord/0.0.71/modules/pending/discord_desktop_core-1.zip: 76%
2024-10-19T16:40:43.699Z [Modules] Streaming discord_desktop_core@1 to /home/bitraven/.config/discord/0.0.71/modules/pending/discord_desktop_core-1.zip: 79%
2024-10-19T16:40:43.702Z [Modules] Streaming discord_desktop_core@1 to /home/bitraven/.config/discord/0.0.71/modules/pending/discord_desktop_core-1.zip: 81%
2024-10-19T16:40:43.745Z [Modules] Streaming discord_desktop_core@1 to /home/bitraven/.config/discord/0.0.71/modules/pending/discord_desktop_core-1.zip: 83%
2024-10-19T16:40:43.747Z [Modules] Streaming discord_desktop_core@1 to /home/bitraven/.config/discord/0.0.71/modules/pending/discord_desktop_core-1.zip: 84%
2024-10-19T16:40:43.749Z [Modules] Streaming discord_desktop_core@1 to /home/bitraven/.config/discord/0.0.71/modules/pending/discord_desktop_core-1.zip: 85%
2024-10-19T16:40:43.750Z [Modules] Streaming discord_desktop_core@1 to /home/bitraven/.config/discord/0.0.71/modules/pending/discord_desktop_core-1.zip: 87%
2024-10-19T16:40:43.753Z [Modules] Streaming discord_desktop_core@1 to /home/bitraven/.config/discord/0.0.71/modules/pending/discord_desktop_core-1.zip: 88%
2024-10-19T16:40:43.759Z [Modules] Streaming discord_desktop_core@1 to /home/bitraven/.config/discord/0.0.71/modules/pending/discord_desktop_core-1.zip: 90%
2024-10-19T16:40:43.761Z [Modules] Streaming discord_desktop_core@1 to /home/bitraven/.config/discord/0.0.71/modules/pending/discord_desktop_core-1.zip: 91%
2024-10-19T16:40:43.770Z [Modules] Streaming discord_desktop_core@1 to /home/bitraven/.config/discord/0.0.71/modules/pending/discord_desktop_core-1.zip: 93%
2024-10-19T16:40:43.771Z [Modules] Streaming discord_desktop_core@1 to /home/bitraven/.config/discord/0.0.71/modules/pending/discord_desktop_core-1.zip: 95%
2024-10-19T16:40:43.774Z [Modules] Streaming discord_desktop_core@1 to /home/bitraven/.config/discord/0.0.71/modules/pending/discord_desktop_core-1.zip: 97%
2024-10-19T16:40:43.803Z [Modules] Streaming discord_desktop_core@1 to /home/bitraven/.config/discord/0.0.71/modules/pending/discord_desktop_core-1.zip: 100%
2024-10-19T16:40:43.806Z [Modules] Fetching discord_erlpack@1 from https://discord.com/api/modules/stable/discord_erlpack/1
2024-10-19T16:40:43.806Z [Modules] Streaming discord_erlpack@1 to /home/bitraven/.config/discord/0.0.71/modules/pending/discord_erlpack-1.zip
2024-10-19T16:40:44.113Z [Modules] Streaming discord_erlpack@1 to /home/bitraven/.config/discord/0.0.71/modules/pending/discord_erlpack-1.zip: 1%
2024-10-19T16:40:44.121Z [Modules] Streaming discord_erlpack@1 to /home/bitraven/.config/discord/0.0.71/modules/pending/discord_erlpack-1.zip: 3%
2024-10-19T16:40:44.125Z [Modules] Streaming discord_erlpack@1 to /home/bitraven/.config/discord/0.0.71/modules/pending/discord_erlpack-1.zip: 6%
2024-10-19T16:40:44.126Z [Modules] Streaming discord_erlpack@1 to /home/bitraven/.config/discord/0.0.71/modules/pending/discord_erlpack-1.zip: 7%
2024-10-19T16:40:44.128Z [Modules] Streaming discord_erlpack@1 to /home/bitraven/.config/discord/0.0.71/modules/pending/discord_erlpack-1.zip: 9%
2024-10-19T16:40:44.131Z [Modules] Streaming discord_erlpack@1 to /home/bitraven/.config/discord/0.0.71/modules/pending/discord_erlpack-1.zip: 11%
2024-10-19T16:40:44.134Z [Modules] Streaming discord_erlpack@1 to /home/bitraven/.config/discord/0.0.71/modules/pending/discord_erlpack-1.zip: 13%
2024-10-19T16:40:44.139Z [Modules] Streaming discord_erlpack@1 to /home/bitraven/.config/discord/0.0.71/modules/pending/discord_erlpack-1.zip: 16%
2024-10-19T16:40:44.140Z [Modules] Streaming discord_erlpack@1 to /home/bitraven/.config/discord/0.0.71/modules/pending/discord_erlpack-1.zip: 17%
2024-10-19T16:40:44.143Z [Modules] Streaming discord_erlpack@1 to /home/bitraven/.config/discord/0.0.71/modules/pending/discord_erlpack-1.zip: 18%
2024-10-19T16:40:44.147Z [Modules] Streaming discord_erlpack@1 to /home/bitraven/.config/discord/0.0.71/modules/pending/discord_erlpack-1.zip: 21%
2024-10-19T16:40:44.194Z [Modules] Streaming discord_erlpack@1 to /home/bitraven/.config/discord/0.0.71/modules/pending/discord_erlpack-1.zip: 24%
2024-10-19T16:40:44.201Z [Modules] Streaming discord_erlpack@1 to /home/bitraven/.config/discord/0.0.71/modules/pending/discord_erlpack-1.zip: 27%
2024-10-19T16:40:44.204Z [Modules] Streaming discord_erlpack@1 to /home/bitraven/.config/discord/0.0.71/modules/pending/discord_erlpack-1.zip: 28%
2024-10-19T16:40:44.209Z [Modules] Streaming discord_erlpack@1 to /home/bitraven/.config/discord/0.0.71/modules/pending/discord_erlpack-1.zip: 31%
2024-10-19T16:40:44.215Z [Modules] Streaming discord_erlpack@1 to /home/bitraven/.config/discord/0.0.71/modules/pending/discord_erlpack-1.zip: 32%
2024-10-19T16:40:44.222Z [Modules] Streaming discord_erlpack@1 to /home/bitraven/.config/discord/0.0.71/modules/pending/discord_erlpack-1.zip: 35%
2024-10-19T16:40:44.223Z [Modules] Streaming discord_erlpack@1 to /home/bitraven/.config/discord/0.0.71/modules/pending/discord_erlpack-1.zip: 36%
2024-10-19T16:40:44.226Z [Modules] Streaming discord_erlpack@1 to /home/bitraven/.config/discord/0.0.71/modules/pending/discord_erlpack-1.zip: 37%
2024-10-19T16:40:44.277Z [Modules] Streaming discord_erlpack@1 to /home/bitraven/.config/discord/0.0.71/modules/pending/discord_erlpack-1.zip: 40%
2024-10-19T16:40:44.280Z [Modules] Streaming discord_erlpack@1 to /home/bitraven/.config/discord/0.0.71/modules/pending/discord_erlpack-1.zip: 43%
2024-10-19T16:40:44.282Z [Modules] Streaming discord_erlpack@1 to /home/bitraven/.config/discord/0.0.71/modules/pending/discord_erlpack-1.zip: 44%
2024-10-19T16:40:44.291Z [Modules] Streaming discord_erlpack@1 to /home/bitraven/.config/discord/0.0.71/modules/pending/discord_erlpack-1.zip: 46%
2024-10-19T16:40:44.294Z [Modules] Streaming discord_erlpack@1 to /home/bitraven/.config/discord/0.0.71/modules/pending/discord_erlpack-1.zip: 49%
2024-10-19T16:40:44.299Z [Modules] Streaming discord_erlpack@1 to /home/bitraven/.config/discord/0.0.71/modules/pending/discord_erlpack-1.zip: 52%
2024-10-19T16:40:44.300Z [Modules] Streaming discord_erlpack@1 to /home/bitraven/.config/discord/0.0.71/modules/pending/discord_erlpack-1.zip: 53%
2024-10-19T16:40:44.305Z [Modules] Streaming discord_erlpack@1 to /home/bitraven/.config/discord/0.0.71/modules/pending/discord_erlpack-1.zip: 55%
2024-10-19T16:40:44.311Z [Modules] Streaming discord_erlpack@1 to /home/bitraven/.config/discord/0.0.71/modules/pending/discord_erlpack-1.zip: 59%
2024-10-19T16:40:44.339Z [Modules] Streaming discord_erlpack@1 to /home/bitraven/.config/discord/0.0.71/modules/pending/discord_erlpack-1.zip: 60%
2024-10-19T16:40:44.343Z [Modules] Streaming discord_erlpack@1 to /home/bitraven/.config/discord/0.0.71/modules/pending/discord_erlpack-1.zip: 63%
2024-10-19T16:40:44.351Z [Modules] Streaming discord_erlpack@1 to /home/bitraven/.config/discord/0.0.71/modules/pending/discord_erlpack-1.zip: 65%
2024-10-19T16:40:44.357Z [Modules] Streaming discord_erlpack@1 to /home/bitraven/.config/discord/0.0.71/modules/pending/discord_erlpack-1.zip: 67%
2024-10-19T16:40:44.363Z [Modules] Streaming discord_erlpack@1 to /home/bitraven/.config/discord/0.0.71/modules/pending/discord_erlpack-1.zip: 70%
2024-10-19T16:40:44.366Z [Modules] Streaming discord_erlpack@1 to /home/bitraven/.config/discord/0.0.71/modules/pending/discord_erlpack-1.zip: 73%
2024-10-19T16:40:44.368Z [Modules] Streaming discord_erlpack@1 to /home/bitraven/.config/discord/0.0.71/modules/pending/discord_erlpack-1.zip: 74%
2024-10-19T16:40:44.376Z [Modules] Streaming discord_erlpack@1 to /home/bitraven/.config/discord/0.0.71/modules/pending/discord_erlpack-1.zip: 75%
2024-10-19T16:40:44.380Z [Modules] Streaming discord_erlpack@1 to /home/bitraven/.config/discord/0.0.71/modules/pending/discord_erlpack-1.zip: 78%
2024-10-19T16:40:44.462Z [Modules] Streaming discord_erlpack@1 to /home/bitraven/.config/discord/0.0.71/modules/pending/discord_erlpack-1.zip: 80%
2024-10-19T16:40:44.466Z [Modules] Streaming discord_erlpack@1 to /home/bitraven/.config/discord/0.0.71/modules/pending/discord_erlpack-1.zip: 83%
2024-10-19T16:40:44.470Z [Modules] Streaming discord_erlpack@1 to /home/bitraven/.config/discord/0.0.71/modules/pending/discord_erlpack-1.zip: 86%
2024-10-19T16:40:44.474Z [Modules] Streaming discord_erlpack@1 to /home/bitraven/.config/discord/0.0.71/modules/pending/discord_erlpack-1.zip: 87%
2024-10-19T16:40:44.478Z [Modules] Streaming discord_erlpack@1 to /home/bitraven/.config/discord/0.0.71/modules/pending/discord_erlpack-1.zip: 90%
2024-10-19T16:40:44.484Z [Modules] Streaming discord_erlpack@1 to /home/bitraven/.config/discord/0.0.71/modules/pending/discord_erlpack-1.zip: 93%
2024-10-19T16:40:44.492Z [Modules] Streaming discord_erlpack@1 to /home/bitraven/.config/discord/0.0.71/modules/pending/discord_erlpack-1.zip: 96%
2024-10-19T16:40:44.493Z [Modules] Streaming discord_erlpack@1 to /home/bitraven/.config/discord/0.0.71/modules/pending/discord_erlpack-1.zip: 98%
2024-10-19T16:40:44.497Z [Modules] Streaming discord_erlpack@1 to /home/bitraven/.config/discord/0.0.71/modules/pending/discord_erlpack-1.zip: 100%
2024-10-19T16:40:44.498Z [Modules] Fetching discord_spellcheck@1 from https://discord.com/api/modules/stable/discord_spellcheck/1
2024-10-19T16:40:44.498Z [Modules] Streaming discord_spellcheck@1 to /home/bitraven/.config/discord/0.0.71/modules/pending/discord_spellcheck-1.zip
2024-10-19T16:40:44.991Z [Modules] Streaming discord_spellcheck@1 to /home/bitraven/.config/discord/0.0.71/modules/pending/discord_spellcheck-1.zip: 1%
2024-10-19T16:40:45.075Z [Modules] Streaming discord_spellcheck@1 to /home/bitraven/.config/discord/0.0.71/modules/pending/discord_spellcheck-1.zip: 2%
2024-10-19T16:40:45.141Z [Modules] Streaming discord_spellcheck@1 to /home/bitraven/.config/discord/0.0.71/modules/pending/discord_spellcheck-1.zip: 3%
2024-10-19T16:40:45.224Z [Modules] Streaming discord_spellcheck@1 to /home/bitraven/.config/discord/0.0.71/modules/pending/discord_spellcheck-1.zip: 4%
2024-10-19T16:40:45.286Z [Modules] Streaming discord_spellcheck@1 to /home/bitraven/.config/discord/0.0.71/modules/pending/discord_spellcheck-1.zip: 5%
2024-10-19T16:40:45.310Z [Modules] Streaming discord_spellcheck@1 to /home/bitraven/.config/discord/0.0.71/modules/pending/discord_spellcheck-1.zip: 6%
2024-10-19T16:40:45.368Z [Modules] Streaming discord_spellcheck@1 to /home/bitraven/.config/discord/0.0.71/modules/pending/discord_spellcheck-1.zip: 7%
2024-10-19T16:40:45.383Z [Modules] Streaming discord_spellcheck@1 to /home/bitraven/.config/discord/0.0.71/modules/pending/discord_spellcheck-1.zip: 8%
2024-10-19T16:40:45.436Z [Modules] Streaming discord_spellcheck@1 to /home/bitraven/.config/discord/0.0.71/modules/pending/discord_spellcheck-1.zip: 9%
2024-10-19T16:40:45.449Z [Modules] Streaming discord_spellcheck@1 to /home/bitraven/.config/discord/0.0.71/modules/pending/discord_spellcheck-1.zip: 10%
2024-10-19T16:40:45.512Z [Modules] Streaming discord_spellcheck@1 to /home/bitraven/.config/discord/0.0.71/modules/pending/discord_spellcheck-1.zip: 11%
2024-10-19T16:40:45.521Z [Modules] Streaming discord_spellcheck@1 to /home/bitraven/.config/discord/0.0.71/modules/pending/discord_spellcheck-1.zip: 12%
2024-10-19T16:40:45.528Z [Modules] Streaming discord_spellcheck@1 to /home/bitraven/.config/discord/0.0.71/modules/pending/discord_spellcheck-1.zip: 13%
2024-10-19T16:40:45.579Z [Modules] Streaming discord_spellcheck@1 to /home/bitraven/.config/discord/0.0.71/modules/pending/discord_spellcheck-1.zip: 14%
2024-10-19T16:40:45.601Z [Modules] Streaming discord_spellcheck@1 to /home/bitraven/.config/discord/0.0.71/modules/pending/discord_spellcheck-1.zip: 15%
2024-10-19T16:40:45.610Z [Modules] Streaming discord_spellcheck@1 to /home/bitraven/.config/discord/0.0.71/modules/pending/discord_spellcheck-1.zip: 16%
2024-10-19T16:40:45.665Z [Modules] Streaming discord_spellcheck@1 to /home/bitraven/.config/discord/0.0.71/modules/pending/discord_spellcheck-1.zip: 17%
2024-10-19T16:40:45.672Z [Modules] Streaming discord_spellcheck@1 to /home/bitraven/.config/discord/0.0.71/modules/pending/discord_spellcheck-1.zip: 18%
2024-10-19T16:40:45.682Z [Modules] Streaming discord_spellcheck@1 to /home/bitraven/.config/discord/0.0.71/modules/pending/discord_spellcheck-1.zip: 19%
2024-10-19T16:40:45.690Z [Modules] Streaming discord_spellcheck@1 to /home/bitraven/.config/discord/0.0.71/modules/pending/discord_spellcheck-1.zip: 20%
2024-10-19T16:40:45.758Z [Modules] Streaming discord_spellcheck@1 to /home/bitraven/.config/discord/0.0.71/modules/pending/discord_spellcheck-1.zip: 21%
2024-10-19T16:40:45.766Z [Modules] Streaming discord_spellcheck@1 to /home/bitraven/.config/discord/0.0.71/modules/pending/discord_spellcheck-1.zip: 22%
2024-10-19T16:40:45.773Z [Modules] Streaming discord_spellcheck@1 to /home/bitraven/.config/discord/0.0.71/modules/pending/discord_spellcheck-1.zip: 23%
2024-10-19T16:40:45.812Z [Modules] Streaming discord_spellcheck@1 to /home/bitraven/.config/discord/0.0.71/modules/pending/discord_spellcheck-1.zip: 24%
2024-10-19T16:40:45.819Z [Modules] Streaming discord_spellcheck@1 to /home/bitraven/.config/discord/0.0.71/modules/pending/discord_spellcheck-1.zip: 25%
2024-10-19T16:40:45.921Z [Modules] Streaming discord_spellcheck@1 to /home/bitraven/.config/discord/0.0.71/modules/pending/discord_spellcheck-1.zip: 26%
2024-10-19T16:40:45.933Z [Modules] Streaming discord_spellcheck@1 to /home/bitraven/.config/discord/0.0.71/modules/pending/discord_spellcheck-1.zip: 27%
2024-10-19T16:40:45.937Z [Modules] Streaming discord_spellcheck@1 to /home/bitraven/.config/discord/0.0.71/modules/pending/discord_spellcheck-1.zip: 28%
2024-10-19T16:40:45.947Z [Modules] Streaming discord_spellcheck@1 to /home/bitraven/.config/discord/0.0.71/modules/pending/discord_spellcheck-1.zip: 29%
2024-10-19T16:40:45.995Z [Modules] Streaming discord_spellcheck@1 to /home/bitraven/.config/discord/0.0.71/modules/pending/discord_spellcheck-1.zip: 30%
2024-10-19T16:40:46.014Z [Modules] Streaming discord_spellcheck@1 to /home/bitraven/.config/discord/0.0.71/modules/pending/discord_spellcheck-1.zip: 31%
2024-10-19T16:40:46.032Z [Modules] Streaming discord_spellcheck@1 to /home/bitraven/.config/discord/0.0.71/modules/pending/discord_spellcheck-1.zip: 32%
2024-10-19T16:40:46.067Z [Modules] Streaming discord_spellcheck@1 to /home/bitraven/.config/discord/0.0.71/modules/pending/discord_spellcheck-1.zip: 33%
2024-10-19T16:40:46.078Z [Modules] Streaming discord_spellcheck@1 to /home/bitraven/.config/discord/0.0.71/modules/pending/discord_spellcheck-1.zip: 34%
2024-10-19T16:40:46.096Z [Modules] Streaming discord_spellcheck@1 to /home/bitraven/.config/discord/0.0.71/modules/pending/discord_spellcheck-1.zip: 35%
2024-10-19T16:40:46.162Z [Modules] Streaming discord_spellcheck@1 to /home/bitraven/.config/discord/0.0.71/modules/pending/discord_spellcheck-1.zip: 36%
2024-10-19T16:40:46.169Z [Modules] Streaming discord_spellcheck@1 to /home/bitraven/.config/discord/0.0.71/modules/pending/discord_spellcheck-1.zip: 37%
2024-10-19T16:40:46.174Z [Modules] Streaming discord_spellcheck@1 to /home/bitraven/.config/discord/0.0.71/modules/pending/discord_spellcheck-1.zip: 38%
2024-10-19T16:40:46.210Z [Modules] Streaming discord_spellcheck@1 to /home/bitraven/.config/discord/0.0.71/modules/pending/discord_spellcheck-1.zip: 39%
2024-10-19T16:40:46.219Z [Modules] Streaming discord_spellcheck@1 to /home/bitraven/.config/discord/0.0.71/modules/pending/discord_spellcheck-1.zip: 40%
2024-10-19T16:40:46.227Z [Modules] Streaming discord_spellcheck@1 to /home/bitraven/.config/discord/0.0.71/modules/pending/discord_spellcheck-1.zip: 41%
2024-10-19T16:40:46.243Z [Modules] Streaming discord_spellcheck@1 to /home/bitraven/.config/discord/0.0.71/modules/pending/discord_spellcheck-1.zip: 42%
2024-10-19T16:40:46.363Z [Modules] Streaming discord_spellcheck@1 to /home/bitraven/.config/discord/0.0.71/modules/pending/discord_spellcheck-1.zip: 43%
2024-10-19T16:40:46.430Z [Modules] Streaming discord_spellcheck@1 to /home/bitraven/.config/discord/0.0.71/modules/pending/discord_spellcheck-1.zip: 44%
2024-10-19T16:40:46.431Z [Modules] Streaming discord_spellcheck@1 to /home/bitraven/.config/discord/0.0.71/modules/pending/discord_spellcheck-1.zip: 45%
2024-10-19T16:40:46.432Z [Modules] Streaming discord_spellcheck@1 to /home/bitraven/.config/discord/0.0.71/modules/pending/discord_spellcheck-1.zip: 46%
2024-10-19T16:40:46.432Z [Modules] Streaming discord_spellcheck@1 to /home/bitraven/.config/discord/0.0.71/modules/pending/discord_spellcheck-1.zip: 47%
2024-10-19T16:40:46.433Z [Modules] Streaming discord_spellcheck@1 to /home/bitraven/.config/discord/0.0.71/modules/pending/discord_spellcheck-1.zip: 48%
2024-10-19T16:40:46.450Z [Modules] Streaming discord_spellcheck@1 to /home/bitraven/.config/discord/0.0.71/modules/pending/discord_spellcheck-1.zip: 49%
2024-10-19T16:40:46.458Z [Modules] Streaming discord_spellcheck@1 to /home/bitraven/.config/discord/0.0.71/modules/pending/discord_spellcheck-1.zip: 50%
2024-10-19T16:40:46.498Z [Modules] Streaming discord_spellcheck@1 to /home/bitraven/.config/discord/0.0.71/modules/pending/discord_spellcheck-1.zip: 51%
2024-10-19T16:40:46.509Z [Modules] Streaming discord_spellcheck@1 to /home/bitraven/.config/discord/0.0.71/modules/pending/discord_spellcheck-1.zip: 52%
2024-10-19T16:40:46.516Z [Modules] Streaming discord_spellcheck@1 to /home/bitraven/.config/discord/0.0.71/modules/pending/discord_spellcheck-1.zip: 53%
2024-10-19T16:40:46.529Z [Modules] Streaming discord_spellcheck@1 to /home/bitraven/.config/discord/0.0.71/modules/pending/discord_spellcheck-1.zip: 54%
2024-10-19T16:40:46.566Z [Modules] Streaming discord_spellcheck@1 to /home/bitraven/.config/discord/0.0.71/modules/pending/discord_spellcheck-1.zip: 55%
2024-10-19T16:40:46.632Z [Modules] Streaming discord_spellcheck@1 to /home/bitraven/.config/discord/0.0.71/modules/pending/discord_spellcheck-1.zip: 56%
2024-10-19T16:40:46.633Z [Modules] Streaming discord_spellcheck@1 to /home/bitraven/.config/discord/0.0.71/modules/pending/discord_spellcheck-1.zip: 57%
2024-10-19T16:40:46.700Z [Modules] Streaming discord_spellcheck@1 to /home/bitraven/.config/discord/0.0.71/modules/pending/discord_spellcheck-1.zip: 58%
2024-10-19T16:40:46.710Z [Modules] Streaming discord_spellcheck@1 to /home/bitraven/.config/discord/0.0.71/modules/pending/discord_spellcheck-1.zip: 59%
2024-10-19T16:40:46.738Z [Modules] Streaming discord_spellcheck@1 to /home/bitraven/.config/discord/0.0.71/modules/pending/discord_spellcheck-1.zip: 60%
2024-10-19T16:40:46.779Z [Modules] Streaming discord_spellcheck@1 to /home/bitraven/.config/discord/0.0.71/modules/pending/discord_spellcheck-1.zip: 61%
2024-10-19T16:40:46.793Z [Modules] Streaming discord_spellcheck@1 to /home/bitraven/.config/discord/0.0.71/modules/pending/discord_spellcheck-1.zip: 62%
2024-10-19T16:40:46.802Z [Modules] Streaming discord_spellcheck@1 to /home/bitraven/.config/discord/0.0.71/modules/pending/discord_spellcheck-1.zip: 63%
2024-10-19T16:40:46.862Z [Modules] Streaming discord_spellcheck@1 to /home/bitraven/.config/discord/0.0.71/modules/pending/discord_spellcheck-1.zip: 64%
2024-10-19T16:40:46.872Z [Modules] Streaming discord_spellcheck@1 to /home/bitraven/.config/discord/0.0.71/modules/pending/discord_spellcheck-1.zip: 65%
2024-10-19T16:40:46.885Z [Modules] Streaming discord_spellcheck@1 to /home/bitraven/.config/discord/0.0.71/modules/pending/discord_spellcheck-1.zip: 66%
2024-10-19T16:40:46.895Z [Modules] Streaming discord_spellcheck@1 to /home/bitraven/.config/discord/0.0.71/modules/pending/discord_spellcheck-1.zip: 67%
2024-10-19T16:40:46.935Z [Modules] Streaming discord_spellcheck@1 to /home/bitraven/.config/discord/0.0.71/modules/pending/discord_spellcheck-1.zip: 68%
2024-10-19T16:40:47.049Z [Modules] Streaming discord_spellcheck@1 to /home/bitraven/.config/discord/0.0.71/modules/pending/discord_spellcheck-1.zip: 69%
2024-10-19T16:40:47.057Z [Modules] Streaming discord_spellcheck@1 to /home/bitraven/.config/discord/0.0.71/modules/pending/discord_spellcheck-1.zip: 70%
2024-10-19T16:40:47.066Z [Modules] Streaming discord_spellcheck@1 to /home/bitraven/.config/discord/0.0.71/modules/pending/discord_spellcheck-1.zip: 71%
2024-10-19T16:40:47.075Z [Modules] Streaming discord_spellcheck@1 to /home/bitraven/.config/discord/0.0.71/modules/pending/discord_spellcheck-1.zip: 72%
2024-10-19T16:40:47.109Z [Modules] Streaming discord_spellcheck@1 to /home/bitraven/.config/discord/0.0.71/modules/pending/discord_spellcheck-1.zip: 73%
2024-10-19T16:40:47.117Z [Modules] Streaming discord_spellcheck@1 to /home/bitraven/.config/discord/0.0.71/modules/pending/discord_spellcheck-1.zip: 74%
2024-10-19T16:40:47.124Z [Modules] Streaming discord_spellcheck@1 to /home/bitraven/.config/discord/0.0.71/modules/pending/discord_spellcheck-1.zip: 75%
2024-10-19T16:40:47.146Z [Modules] Streaming discord_spellcheck@1 to /home/bitraven/.config/discord/0.0.71/modules/pending/discord_spellcheck-1.zip: 76%
2024-10-19T16:40:47.178Z [Modules] Streaming discord_spellcheck@1 to /home/bitraven/.config/discord/0.0.71/modules/pending/discord_spellcheck-1.zip: 77%
2024-10-19T16:40:47.186Z [Modules] Streaming discord_spellcheck@1 to /home/bitraven/.config/discord/0.0.71/modules/pending/discord_spellcheck-1.zip: 78%
2024-10-19T16:40:47.245Z [Modules] Streaming discord_spellcheck@1 to /home/bitraven/.config/discord/0.0.71/modules/pending/discord_spellcheck-1.zip: 79%
2024-10-19T16:40:47.350Z [Modules] Streaming discord_spellcheck@1 to /home/bitraven/.config/discord/0.0.71/modules/pending/discord_spellcheck-1.zip: 80%
2024-10-19T16:40:47.408Z [Modules] Streaming discord_spellcheck@1 to /home/bitraven/.config/discord/0.0.71/modules/pending/discord_spellcheck-1.zip: 81%
2024-10-19T16:40:47.424Z [Modules] Streaming discord_spellcheck@1 to /home/bitraven/.config/discord/0.0.71/modules/pending/discord_spellcheck-1.zip: 82%
2024-10-19T16:40:47.481Z [Modules] Streaming discord_spellcheck@1 to /home/bitraven/.config/discord/0.0.71/modules/pending/discord_spellcheck-1.zip: 83%
2024-10-19T16:40:47.489Z [Modules] Streaming discord_spellcheck@1 to /home/bitraven/.config/discord/0.0.71/modules/pending/discord_spellcheck-1.zip: 84%
2024-10-19T16:40:47.496Z [Modules] Streaming discord_spellcheck@1 to /home/bitraven/.config/discord/0.0.71/modules/pending/discord_spellcheck-1.zip: 85%
2024-10-19T16:40:47.508Z [Modules] Streaming discord_spellcheck@1 to /home/bitraven/.config/discord/0.0.71/modules/pending/discord_spellcheck-1.zip: 86%
2024-10-19T16:40:47.569Z [Modules] Streaming discord_spellcheck@1 to /home/bitraven/.config/discord/0.0.71/modules/pending/discord_spellcheck-1.zip: 87%
2024-10-19T16:40:47.577Z [Modules] Streaming discord_spellcheck@1 to /home/bitraven/.config/discord/0.0.71/modules/pending/discord_spellcheck-1.zip: 88%
2024-10-19T16:40:47.629Z [Modules] Streaming discord_spellcheck@1 to /home/bitraven/.config/discord/0.0.71/modules/pending/discord_spellcheck-1.zip: 89%
2024-10-19T16:40:47.651Z [Modules] Streaming discord_spellcheck@1 to /home/bitraven/.config/discord/0.0.71/modules/pending/discord_spellcheck-1.zip: 90%
2024-10-19T16:40:47.661Z [Modules] Streaming discord_spellcheck@1 to /home/bitraven/.config/discord/0.0.71/modules/pending/discord_spellcheck-1.zip: 91%
2024-10-19T16:40:47.710Z [Modules] Streaming discord_spellcheck@1 to /home/bitraven/.config/discord/0.0.71/modules/pending/discord_spellcheck-1.zip: 92%
2024-10-19T16:40:47.726Z [Modules] Streaming discord_spellcheck@1 to /home/bitraven/.config/discord/0.0.71/modules/pending/discord_spellcheck-1.zip: 93%
2024-10-19T16:40:47.734Z [Modules] Streaming discord_spellcheck@1 to /home/bitraven/.config/discord/0.0.71/modules/pending/discord_spellcheck-1.zip: 94%
2024-10-19T16:40:47.740Z [Modules] Streaming discord_spellcheck@1 to /home/bitraven/.config/discord/0.0.71/modules/pending/discord_spellcheck-1.zip: 95%
2024-10-19T16:40:47.773Z [Modules] Streaming discord_spellcheck@1 to /home/bitraven/.config/discord/0.0.71/modules/pending/discord_spellcheck-1.zip: 96%
2024-10-19T16:40:47.782Z [Modules] Streaming discord_spellcheck@1 to /home/bitraven/.config/discord/0.0.71/modules/pending/discord_spellcheck-1.zip: 97%
2024-10-19T16:40:47.791Z [Modules] Streaming discord_spellcheck@1 to /home/bitraven/.config/discord/0.0.71/modules/pending/discord_spellcheck-1.zip: 98%
2024-10-19T16:40:47.794Z [Modules] Streaming discord_spellcheck@1 to /home/bitraven/.config/discord/0.0.71/modules/pending/discord_spellcheck-1.zip: 99%
2024-10-19T16:40:47.842Z [Modules] Streaming discord_spellcheck@1 to /home/bitraven/.config/discord/0.0.71/modules/pending/discord_spellcheck-1.zip: 100%
2024-10-19T16:40:47.843Z [Modules] Fetching discord_utils@1 from https://discord.com/api/modules/stable/discord_utils/1
2024-10-19T16:40:47.843Z [Modules] Streaming discord_utils@1 to /home/bitraven/.config/discord/0.0.71/modules/pending/discord_utils-1.zip
2024-10-19T16:40:48.193Z [Modules] Streaming discord_utils@1 to /home/bitraven/.config/discord/0.0.71/modules/pending/discord_utils-1.zip: 1%
2024-10-19T16:40:48.196Z [Modules] Streaming discord_utils@1 to /home/bitraven/.config/discord/0.0.71/modules/pending/discord_utils-1.zip: 2%
2024-10-19T16:40:48.264Z [Modules] Streaming discord_utils@1 to /home/bitraven/.config/discord/0.0.71/modules/pending/discord_utils-1.zip: 3%
2024-10-19T16:40:48.268Z [Modules] Streaming discord_utils@1 to /home/bitraven/.config/discord/0.0.71/modules/pending/discord_utils-1.zip: 4%
2024-10-19T16:40:48.270Z [Modules] Streaming discord_utils@1 to /home/bitraven/.config/discord/0.0.71/modules/pending/discord_utils-1.zip: 5%
2024-10-19T16:40:48.429Z [Modules] Streaming discord_utils@1 to /home/bitraven/.config/discord/0.0.71/modules/pending/discord_utils-1.zip: 6%
2024-10-19T16:40:48.442Z [Modules] Streaming discord_utils@1 to /home/bitraven/.config/discord/0.0.71/modules/pending/discord_utils-1.zip: 7%
2024-10-19T16:40:48.445Z [Modules] Streaming discord_utils@1 to /home/bitraven/.config/discord/0.0.71/modules/pending/discord_utils-1.zip: 8%
2024-10-19T16:40:48.489Z [Modules] Streaming discord_utils@1 to /home/bitraven/.config/discord/0.0.71/modules/pending/discord_utils-1.zip: 9%
2024-10-19T16:40:48.493Z [Modules] Streaming discord_utils@1 to /home/bitraven/.config/discord/0.0.71/modules/pending/discord_utils-1.zip: 10%
2024-10-19T16:40:48.495Z [Modules] Streaming discord_utils@1 to /home/bitraven/.config/discord/0.0.71/modules/pending/discord_utils-1.zip: 11%
2024-10-19T16:40:48.650Z [Modules] Streaming discord_utils@1 to /home/bitraven/.config/discord/0.0.71/modules/pending/discord_utils-1.zip: 12%
2024-10-19T16:40:48.651Z [Modules] Streaming discord_utils@1 to /home/bitraven/.config/discord/0.0.71/modules/pending/discord_utils-1.zip: 13%
2024-10-19T16:40:48.653Z [Modules] Streaming discord_utils@1 to /home/bitraven/.config/discord/0.0.71/modules/pending/discord_utils-1.zip: 14%
2024-10-19T16:40:48.698Z [Modules] Streaming discord_utils@1 to /home/bitraven/.config/discord/0.0.71/modules/pending/discord_utils-1.zip: 15%
2024-10-19T16:40:48.701Z [Modules] Streaming discord_utils@1 to /home/bitraven/.config/discord/0.0.71/modules/pending/discord_utils-1.zip: 16%
2024-10-19T16:40:48.705Z [Modules] Streaming discord_utils@1 to /home/bitraven/.config/discord/0.0.71/modules/pending/discord_utils-1.zip: 17%
2024-10-19T16:40:48.708Z [Modules] Streaming discord_utils@1 to /home/bitraven/.config/discord/0.0.71/modules/pending/discord_utils-1.zip: 18%
2024-10-19T16:40:48.711Z [Modules] Streaming discord_utils@1 to /home/bitraven/.config/discord/0.0.71/modules/pending/discord_utils-1.zip: 19%
2024-10-19T16:40:48.714Z [Modules] Streaming discord_utils@1 to /home/bitraven/.config/discord/0.0.71/modules/pending/discord_utils-1.zip: 20%
2024-10-19T16:40:48.717Z [Modules] Streaming discord_utils@1 to /home/bitraven/.config/discord/0.0.71/modules/pending/discord_utils-1.zip: 21%
2024-10-19T16:40:48.726Z [Modules] Streaming discord_utils@1 to /home/bitraven/.config/discord/0.0.71/modules/pending/discord_utils-1.zip: 22%
2024-10-19T16:40:48.898Z [Modules] Streaming discord_utils@1 to /home/bitraven/.config/discord/0.0.71/modules/pending/discord_utils-1.zip: 23%
2024-10-19T16:40:48.900Z [Modules] Streaming discord_utils@1 to /home/bitraven/.config/discord/0.0.71/modules/pending/discord_utils-1.zip: 24%
2024-10-19T16:40:48.902Z [Modules] Streaming discord_utils@1 to /home/bitraven/.config/discord/0.0.71/modules/pending/discord_utils-1.zip: 25%
2024-10-19T16:40:48.906Z [Modules] Streaming discord_utils@1 to /home/bitraven/.config/discord/0.0.71/modules/pending/discord_utils-1.zip: 26%
2024-10-19T16:40:48.909Z [Modules] Streaming discord_utils@1 to /home/bitraven/.config/discord/0.0.71/modules/pending/discord_utils-1.zip: 27%
2024-10-19T16:40:48.912Z [Modules] Streaming discord_utils@1 to /home/bitraven/.config/discord/0.0.71/modules/pending/discord_utils-1.zip: 28%
2024-10-19T16:40:49.398Z [Modules] Streaming discord_utils@1 to /home/bitraven/.config/discord/0.0.71/modules/pending/discord_utils-1.zip: 30%
2024-10-19T16:40:49.399Z [Modules] Streaming discord_utils@1 to /home/bitraven/.config/discord/0.0.71/modules/pending/discord_utils-1.zip: 33%
2024-10-19T16:40:49.400Z [Modules] Streaming discord_utils@1 to /home/bitraven/.config/discord/0.0.71/modules/pending/discord_utils-1.zip: 36%
2024-10-19T16:40:49.401Z [Modules] Streaming discord_utils@1 to /home/bitraven/.config/discord/0.0.71/modules/pending/discord_utils-1.zip: 41%
2024-10-19T16:40:49.402Z [Modules] Streaming discord_utils@1 to /home/bitraven/.config/discord/0.0.71/modules/pending/discord_utils-1.zip: 46%
2024-10-19T16:40:49.403Z [Modules] Streaming discord_utils@1 to /home/bitraven/.config/discord/0.0.71/modules/pending/discord_utils-1.zip: 50%
2024-10-19T16:40:49.405Z [Modules] Streaming discord_utils@1 to /home/bitraven/.config/discord/0.0.71/modules/pending/discord_utils-1.zip: 51%
2024-10-19T16:40:49.414Z [Modules] Streaming discord_utils@1 to /home/bitraven/.config/discord/0.0.71/modules/pending/discord_utils-1.zip: 52%
2024-10-19T16:40:49.417Z [Modules] Streaming discord_utils@1 to /home/bitraven/.config/discord/0.0.71/modules/pending/discord_utils-1.zip: 53%
2024-10-19T16:40:49.420Z [Modules] Streaming discord_utils@1 to /home/bitraven/.config/discord/0.0.71/modules/pending/discord_utils-1.zip: 54%
2024-10-19T16:40:49.483Z [Modules] Streaming discord_utils@1 to /home/bitraven/.config/discord/0.0.71/modules/pending/discord_utils-1.zip: 55%
2024-10-19T16:40:49.484Z [Modules] Streaming discord_utils@1 to /home/bitraven/.config/discord/0.0.71/modules/pending/discord_utils-1.zip: 56%
2024-10-19T16:40:49.485Z [Modules] Streaming discord_utils@1 to /home/bitraven/.config/discord/0.0.71/modules/pending/discord_utils-1.zip: 57%
2024-10-19T16:40:49.495Z [Modules] Streaming discord_utils@1 to /home/bitraven/.config/discord/0.0.71/modules/pending/discord_utils-1.zip: 58%
2024-10-19T16:40:49.497Z [Modules] Streaming discord_utils@1 to /home/bitraven/.config/discord/0.0.71/modules/pending/discord_utils-1.zip: 59%
2024-10-19T16:40:49.640Z [Modules] Streaming discord_utils@1 to /home/bitraven/.config/discord/0.0.71/modules/pending/discord_utils-1.zip: 60%
2024-10-19T16:40:49.643Z [Modules] Streaming discord_utils@1 to /home/bitraven/.config/discord/0.0.71/modules/pending/discord_utils-1.zip: 61%
2024-10-19T16:40:49.713Z [Modules] Streaming discord_utils@1 to /home/bitraven/.config/discord/0.0.71/modules/pending/discord_utils-1.zip: 63%
2024-10-19T16:40:49.714Z [Modules] Streaming discord_utils@1 to /home/bitraven/.config/discord/0.0.71/modules/pending/discord_utils-1.zip: 65%
2024-10-19T16:40:49.715Z [Modules] Streaming discord_utils@1 to /home/bitraven/.config/discord/0.0.71/modules/pending/discord_utils-1.zip: 66%
2024-10-19T16:40:49.715Z [Modules] Streaming discord_utils@1 to /home/bitraven/.config/discord/0.0.71/modules/pending/discord_utils-1.zip: 68%
2024-10-19T16:40:49.731Z [Modules] Streaming discord_utils@1 to /home/bitraven/.config/discord/0.0.71/modules/pending/discord_utils-1.zip: 70%
2024-10-19T16:40:49.733Z [Modules] Streaming discord_utils@1 to /home/bitraven/.config/discord/0.0.71/modules/pending/discord_utils-1.zip: 71%
2024-10-19T16:40:49.780Z [Modules] Streaming discord_utils@1 to /home/bitraven/.config/discord/0.0.71/modules/pending/discord_utils-1.zip: 72%
2024-10-19T16:40:49.787Z [Modules] Streaming discord_utils@1 to /home/bitraven/.config/discord/0.0.71/modules/pending/discord_utils-1.zip: 73%
2024-10-19T16:40:49.790Z [Modules] Streaming discord_utils@1 to /home/bitraven/.config/discord/0.0.71/modules/pending/discord_utils-1.zip: 74%
2024-10-19T16:40:49.803Z [Modules] Streaming discord_utils@1 to /home/bitraven/.config/discord/0.0.71/modules/pending/discord_utils-1.zip: 75%
2024-10-19T16:40:49.805Z [Modules] Streaming discord_utils@1 to /home/bitraven/.config/discord/0.0.71/modules/pending/discord_utils-1.zip: 76%
2024-10-19T16:40:49.811Z [Modules] Streaming discord_utils@1 to /home/bitraven/.config/discord/0.0.71/modules/pending/discord_utils-1.zip: 77%
2024-10-19T16:40:49.812Z [Modules] Streaming discord_utils@1 to /home/bitraven/.config/discord/0.0.71/modules/pending/discord_utils-1.zip: 78%
2024-10-19T16:40:49.814Z [Modules] Streaming discord_utils@1 to /home/bitraven/.config/discord/0.0.71/modules/pending/discord_utils-1.zip: 79%
2024-10-19T16:40:49.817Z [Modules] Streaming discord_utils@1 to /home/bitraven/.config/discord/0.0.71/modules/pending/discord_utils-1.zip: 80%
2024-10-19T16:40:49.859Z [Modules] Streaming discord_utils@1 to /home/bitraven/.config/discord/0.0.71/modules/pending/discord_utils-1.zip: 81%
2024-10-19T16:40:49.862Z [Modules] Streaming discord_utils@1 to /home/bitraven/.config/discord/0.0.71/modules/pending/discord_utils-1.zip: 82%
2024-10-19T16:40:49.865Z [Modules] Streaming discord_utils@1 to /home/bitraven/.config/discord/0.0.71/modules/pending/discord_utils-1.zip: 83%
2024-10-19T16:40:49.867Z [Modules] Streaming discord_utils@1 to /home/bitraven/.config/discord/0.0.71/modules/pending/discord_utils-1.zip: 84%
2024-10-19T16:40:49.878Z [Modules] Streaming discord_utils@1 to /home/bitraven/.config/discord/0.0.71/modules/pending/discord_utils-1.zip: 85%
2024-10-19T16:40:49.880Z [Modules] Streaming discord_utils@1 to /home/bitraven/.config/discord/0.0.71/modules/pending/discord_utils-1.zip: 86%
2024-10-19T16:40:50.010Z [Modules] Streaming discord_utils@1 to /home/bitraven/.config/discord/0.0.71/modules/pending/discord_utils-1.zip: 87%
2024-10-19T16:40:50.012Z [Modules] Streaming discord_utils@1 to /home/bitraven/.config/discord/0.0.71/modules/pending/discord_utils-1.zip: 88%
2024-10-19T16:40:50.014Z [Modules] Streaming discord_utils@1 to /home/bitraven/.config/discord/0.0.71/modules/pending/discord_utils-1.zip: 89%
2024-10-19T16:40:50.031Z [Modules] Streaming discord_utils@1 to /home/bitraven/.config/discord/0.0.71/modules/pending/discord_utils-1.zip: 90%
2024-10-19T16:40:50.099Z [Modules] Streaming discord_utils@1 to /home/bitraven/.config/discord/0.0.71/modules/pending/discord_utils-1.zip: 91%
2024-10-19T16:40:50.105Z [Modules] Streaming discord_utils@1 to /home/bitraven/.config/discord/0.0.71/modules/pending/discord_utils-1.zip: 92%
2024-10-19T16:40:50.108Z [Modules] Streaming discord_utils@1 to /home/bitraven/.config/discord/0.0.71/modules/pending/discord_utils-1.zip: 93%
2024-10-19T16:40:50.139Z [Modules] Streaming discord_utils@1 to /home/bitraven/.config/discord/0.0.71/modules/pending/discord_utils-1.zip: 94%
2024-10-19T16:40:50.141Z [Modules] Streaming discord_utils@1 to /home/bitraven/.config/discord/0.0.71/modules/pending/discord_utils-1.zip: 95%
2024-10-19T16:40:50.154Z [Modules] Streaming discord_utils@1 to /home/bitraven/.config/discord/0.0.71/modules/pending/discord_utils-1.zip: 96%
2024-10-19T16:40:50.157Z [Modules] Streaming discord_utils@1 to /home/bitraven/.config/discord/0.0.71/modules/pending/discord_utils-1.zip: 97%
2024-10-19T16:40:50.164Z [Modules] Streaming discord_utils@1 to /home/bitraven/.config/discord/0.0.71/modules/pending/discord_utils-1.zip: 98%
2024-10-19T16:40:50.236Z [Modules] Streaming discord_utils@1 to /home/bitraven/.config/discord/0.0.71/modules/pending/discord_utils-1.zip: 99%
2024-10-19T16:40:50.237Z [Modules] Streaming discord_utils@1 to /home/bitraven/.config/discord/0.0.71/modules/pending/discord_utils-1.zip: 100%
2024-10-19T16:40:50.238Z [Modules] Fetching discord_voice@1 from https://discord.com/api/modules/stable/discord_voice/1
2024-10-19T16:40:50.238Z [Modules] Streaming discord_voice@1 to /home/bitraven/.config/discord/0.0.71/modules/pending/discord_voice-1.zip
2024-10-19T16:40:50.753Z [Modules] Streaming discord_voice@1 to /home/bitraven/.config/discord/0.0.71/modules/pending/discord_voice-1.zip: 1%
2024-10-19T16:40:50.836Z [Modules] Streaming discord_voice@1 to /home/bitraven/.config/discord/0.0.71/modules/pending/discord_voice-1.zip: 2%
2024-10-19T16:40:50.903Z [Modules] Streaming discord_voice@1 to /home/bitraven/.config/discord/0.0.71/modules/pending/discord_voice-1.zip: 3%
2024-10-19T16:40:51.035Z [Modules] Streaming discord_voice@1 to /home/bitraven/.config/discord/0.0.71/modules/pending/discord_voice-1.zip: 4%
2024-10-19T16:40:51.106Z [Modules] Streaming discord_voice@1 to /home/bitraven/.config/discord/0.0.71/modules/pending/discord_voice-1.zip: 5%
2024-10-19T16:40:51.167Z [Modules] Streaming discord_voice@1 to /home/bitraven/.config/discord/0.0.71/modules/pending/discord_voice-1.zip: 6%
2024-10-19T16:40:51.192Z [Modules] Streaming discord_voice@1 to /home/bitraven/.config/discord/0.0.71/modules/pending/discord_voice-1.zip: 7%
2024-10-19T16:40:51.533Z [Modules] Streaming discord_voice@1 to /home/bitraven/.config/discord/0.0.71/modules/pending/discord_voice-1.zip: 8%
2024-10-19T16:40:51.675Z [Modules] Streaming discord_voice@1 to /home/bitraven/.config/discord/0.0.71/modules/pending/discord_voice-1.zip: 9%
2024-10-19T16:40:51.681Z [Modules] Streaming discord_voice@1 to /home/bitraven/.config/discord/0.0.71/modules/pending/discord_voice-1.zip: 10%
2024-10-19T16:40:51.750Z [Modules] Streaming discord_voice@1 to /home/bitraven/.config/discord/0.0.71/modules/pending/discord_voice-1.zip: 11%
2024-10-19T16:40:51.906Z [Modules] Streaming discord_voice@1 to /home/bitraven/.config/discord/0.0.71/modules/pending/discord_voice-1.zip: 12%
2024-10-19T16:40:51.922Z [Modules] Streaming discord_voice@1 to /home/bitraven/.config/discord/0.0.71/modules/pending/discord_voice-1.zip: 13%
2024-10-19T16:40:52.061Z [Modules] Streaming discord_voice@1 to /home/bitraven/.config/discord/0.0.71/modules/pending/discord_voice-1.zip: 14%
2024-10-19T16:40:52.196Z [Modules] Streaming discord_voice@1 to /home/bitraven/.config/discord/0.0.71/modules/pending/discord_voice-1.zip: 15%
2024-10-19T16:40:52.216Z [Modules] Streaming discord_voice@1 to /home/bitraven/.config/discord/0.0.71/modules/pending/discord_voice-1.zip: 16%
2024-10-19T16:40:52.289Z [Modules] Streaming discord_voice@1 to /home/bitraven/.config/discord/0.0.71/modules/pending/discord_voice-1.zip: 17%
2024-10-19T16:40:52.497Z [Modules] Streaming discord_voice@1 to /home/bitraven/.config/discord/0.0.71/modules/pending/discord_voice-1.zip: 18%
2024-10-19T16:40:52.526Z [Modules] Streaming discord_voice@1 to /home/bitraven/.config/discord/0.0.71/modules/pending/discord_voice-1.zip: 19%
2024-10-19T16:40:52.575Z [Modules] Streaming discord_voice@1 to /home/bitraven/.config/discord/0.0.71/modules/pending/discord_voice-1.zip: 20%
2024-10-19T16:40:52.638Z [Modules] Streaming discord_voice@1 to /home/bitraven/.config/discord/0.0.71/modules/pending/discord_voice-1.zip: 21%
2024-10-19T16:40:52.804Z [Modules] Streaming discord_voice@1 to /home/bitraven/.config/discord/0.0.71/modules/pending/discord_voice-1.zip: 22%
2024-10-19T16:40:52.883Z [Modules] Streaming discord_voice@1 to /home/bitraven/.config/discord/0.0.71/modules/pending/discord_voice-1.zip: 23%
2024-10-19T16:40:52.956Z [Modules] Streaming discord_voice@1 to /home/bitraven/.config/discord/0.0.71/modules/pending/discord_voice-1.zip: 24%
2024-10-19T16:40:53.027Z [Modules] Streaming discord_voice@1 to /home/bitraven/.config/discord/0.0.71/modules/pending/discord_voice-1.zip: 25%
2024-10-19T16:40:53.056Z [Modules] Streaming discord_voice@1 to /home/bitraven/.config/discord/0.0.71/modules/pending/discord_voice-1.zip: 26%
2024-10-19T16:40:53.115Z [Modules] Streaming discord_voice@1 to /home/bitraven/.config/discord/0.0.71/modules/pending/discord_voice-1.zip: 27%
2024-10-19T16:40:53.187Z [Modules] Streaming discord_voice@1 to /home/bitraven/.config/discord/0.0.71/modules/pending/discord_voice-1.zip: 28%
2024-10-19T16:40:53.238Z [Modules] Streaming discord_voice@1 to /home/bitraven/.config/discord/0.0.71/modules/pending/discord_voice-1.zip: 29%
2024-10-19T16:40:53.279Z [Modules] Streaming discord_voice@1 to /home/bitraven/.config/discord/0.0.71/modules/pending/discord_voice-1.zip: 30%
2024-10-19T16:40:53.303Z [Modules] Streaming discord_voice@1 to /home/bitraven/.config/discord/0.0.71/modules/pending/discord_voice-1.zip: 31%
2024-10-19T16:40:53.342Z [Modules] Streaming discord_voice@1 to /home/bitraven/.config/discord/0.0.71/modules/pending/discord_voice-1.zip: 32%
2024-10-19T16:40:53.365Z [Modules] Streaming discord_voice@1 to /home/bitraven/.config/discord/0.0.71/modules/pending/discord_voice-1.zip: 33%
2024-10-19T16:40:53.430Z [Modules] Streaming discord_voice@1 to /home/bitraven/.config/discord/0.0.71/modules/pending/discord_voice-1.zip: 34%
2024-10-19T16:40:53.449Z [Modules] Streaming discord_voice@1 to /home/bitraven/.config/discord/0.0.71/modules/pending/discord_voice-1.zip: 35%
2024-10-19T16:40:53.490Z [Modules] Streaming discord_voice@1 to /home/bitraven/.config/discord/0.0.71/modules/pending/discord_voice-1.zip: 36%
2024-10-19T16:40:53.537Z [Modules] Streaming discord_voice@1 to /home/bitraven/.config/discord/0.0.71/modules/pending/discord_voice-1.zip: 37%
2024-10-19T16:40:53.555Z [Modules] Streaming discord_voice@1 to /home/bitraven/.config/discord/0.0.71/modules/pending/discord_voice-1.zip: 38%
2024-10-19T16:40:53.659Z [Modules] Streaming discord_voice@1 to /home/bitraven/.config/discord/0.0.71/modules/pending/discord_voice-1.zip: 39%
2024-10-19T16:40:53.728Z [Modules] Streaming discord_voice@1 to /home/bitraven/.config/discord/0.0.71/modules/pending/discord_voice-1.zip: 40%
2024-10-19T16:40:53.748Z [Modules] Streaming discord_voice@1 to /home/bitraven/.config/discord/0.0.71/modules/pending/discord_voice-1.zip: 41%
2024-10-19T16:40:53.795Z [Modules] Streaming discord_voice@1 to /home/bitraven/.config/discord/0.0.71/modules/pending/discord_voice-1.zip: 42%
2024-10-19T16:40:53.811Z [Modules] Streaming discord_voice@1 to /home/bitraven/.config/discord/0.0.71/modules/pending/discord_voice-1.zip: 43%
2024-10-19T16:40:53.832Z [Modules] Streaming discord_voice@1 to /home/bitraven/.config/discord/0.0.71/modules/pending/discord_voice-1.zip: 44%
2024-10-19T16:40:53.896Z [Modules] Streaming discord_voice@1 to /home/bitraven/.config/discord/0.0.71/modules/pending/discord_voice-1.zip: 45%
2024-10-19T16:40:53.916Z [Modules] Streaming discord_voice@1 to /home/bitraven/.config/discord/0.0.71/modules/pending/discord_voice-1.zip: 46%
2024-10-19T16:40:53.984Z [Modules] Streaming discord_voice@1 to /home/bitraven/.config/discord/0.0.71/modules/pending/discord_voice-1.zip: 47%
2024-10-19T16:40:54.122Z [Modules] Streaming discord_voice@1 to /home/bitraven/.config/discord/0.0.71/modules/pending/discord_voice-1.zip: 48%
2024-10-19T16:40:54.149Z [Modules] Streaming discord_voice@1 to /home/bitraven/.config/discord/0.0.71/modules/pending/discord_voice-1.zip: 49%
2024-10-19T16:40:54.218Z [Modules] Streaming discord_voice@1 to /home/bitraven/.config/discord/0.0.71/modules/pending/discord_voice-1.zip: 50%
2024-10-19T16:40:54.271Z [Modules] Streaming discord_voice@1 to /home/bitraven/.config/discord/0.0.71/modules/pending/discord_voice-1.zip: 51%
2024-10-19T16:40:54.287Z [Modules] Streaming discord_voice@1 to /home/bitraven/.config/discord/0.0.71/modules/pending/discord_voice-1.zip: 52%
2024-10-19T16:40:54.363Z [Modules] Streaming discord_voice@1 to /home/bitraven/.config/discord/0.0.71/modules/pending/discord_voice-1.zip: 53%
2024-10-19T16:40:54.384Z [Modules] Streaming discord_voice@1 to /home/bitraven/.config/discord/0.0.71/modules/pending/discord_voice-1.zip: 54%
2024-10-19T16:40:54.433Z [Modules] Streaming discord_voice@1 to /home/bitraven/.config/discord/0.0.71/modules/pending/discord_voice-1.zip: 55%
2024-10-19T16:40:54.478Z [Modules] Streaming discord_voice@1 to /home/bitraven/.config/discord/0.0.71/modules/pending/discord_voice-1.zip: 56%
2024-10-19T16:40:54.499Z [Modules] Streaming discord_voice@1 to /home/bitraven/.config/discord/0.0.71/modules/pending/discord_voice-1.zip: 57%
2024-10-19T16:40:54.543Z [Modules] Streaming discord_voice@1 to /home/bitraven/.config/discord/0.0.71/modules/pending/discord_voice-1.zip: 58%
2024-10-19T16:40:54.559Z [Modules] Streaming discord_voice@1 to /home/bitraven/.config/discord/0.0.71/modules/pending/discord_voice-1.zip: 59%
2024-10-19T16:40:54.636Z [Modules] Streaming discord_voice@1 to /home/bitraven/.config/discord/0.0.71/modules/pending/discord_voice-1.zip: 60%
2024-10-19T16:40:54.655Z [Modules] Streaming discord_voice@1 to /home/bitraven/.config/discord/0.0.71/modules/pending/discord_voice-1.zip: 61%
2024-10-19T16:40:54.700Z [Modules] Streaming discord_voice@1 to /home/bitraven/.config/discord/0.0.71/modules/pending/discord_voice-1.zip: 62%
2024-10-19T16:40:54.756Z [Modules] Streaming discord_voice@1 to /home/bitraven/.config/discord/0.0.71/modules/pending/discord_voice-1.zip: 63%
2024-10-19T16:40:54.834Z [Modules] Streaming discord_voice@1 to /home/bitraven/.config/discord/0.0.71/modules/pending/discord_voice-1.zip: 64%
2024-10-19T16:40:54.858Z [Modules] Streaming discord_voice@1 to /home/bitraven/.config/discord/0.0.71/modules/pending/discord_voice-1.zip: 65%
2024-10-19T16:40:54.912Z [Modules] Streaming discord_voice@1 to /home/bitraven/.config/discord/0.0.71/modules/pending/discord_voice-1.zip: 66%
2024-10-19T16:40:54.994Z [Modules] Streaming discord_voice@1 to /home/bitraven/.config/discord/0.0.71/modules/pending/discord_voice-1.zip: 67%
2024-10-19T16:40:55.046Z [Modules] Streaming discord_voice@1 to /home/bitraven/.config/discord/0.0.71/modules/pending/discord_voice-1.zip: 68%
2024-10-19T16:40:55.069Z [Modules] Streaming discord_voice@1 to /home/bitraven/.config/discord/0.0.71/modules/pending/discord_voice-1.zip: 69%
2024-10-19T16:40:55.383Z [Modules] Streaming discord_voice@1 to /home/bitraven/.config/discord/0.0.71/modules/pending/discord_voice-1.zip: 70%
2024-10-19T16:40:55.421Z [Modules] Streaming discord_voice@1 to /home/bitraven/.config/discord/0.0.71/modules/pending/discord_voice-1.zip: 71%
2024-10-19T16:40:55.484Z [Modules] Streaming discord_voice@1 to /home/bitraven/.config/discord/0.0.71/modules/pending/discord_voice-1.zip: 72%
2024-10-19T16:40:55.504Z [Modules] Streaming discord_voice@1 to /home/bitraven/.config/discord/0.0.71/modules/pending/discord_voice-1.zip: 73%
2024-10-19T16:40:55.548Z [Modules] Streaming discord_voice@1 to /home/bitraven/.config/discord/0.0.71/modules/pending/discord_voice-1.zip: 74%
2024-10-19T16:40:55.632Z [Modules] Streaming discord_voice@1 to /home/bitraven/.config/discord/0.0.71/modules/pending/discord_voice-1.zip: 75%
2024-10-19T16:40:55.697Z [Modules] Streaming discord_voice@1 to /home/bitraven/.config/discord/0.0.71/modules/pending/discord_voice-1.zip: 76%
2024-10-19T16:40:55.721Z [Modules] Streaming discord_voice@1 to /home/bitraven/.config/discord/0.0.71/modules/pending/discord_voice-1.zip: 77%
2024-10-19T16:40:55.816Z [Modules] Streaming discord_voice@1 to /home/bitraven/.config/discord/0.0.71/modules/pending/discord_voice-1.zip: 78%
2024-10-19T16:40:55.844Z [Modules] Streaming discord_voice@1 to /home/bitraven/.config/discord/0.0.71/modules/pending/discord_voice-1.zip: 79%
2024-10-19T16:40:55.901Z [Modules] Streaming discord_voice@1 to /home/bitraven/.config/discord/0.0.71/modules/pending/discord_voice-1.zip: 80%
2024-10-19T16:40:55.966Z [Modules] Streaming discord_voice@1 to /home/bitraven/.config/discord/0.0.71/modules/pending/discord_voice-1.zip: 81%
2024-10-19T16:40:55.985Z [Modules] Streaming discord_voice@1 to /home/bitraven/.config/discord/0.0.71/modules/pending/discord_voice-1.zip: 82%
2024-10-19T16:40:56.058Z [Modules] Streaming discord_voice@1 to /home/bitraven/.config/discord/0.0.71/modules/pending/discord_voice-1.zip: 83%
2024-10-19T16:40:56.099Z [Modules] Streaming discord_voice@1 to /home/bitraven/.config/discord/0.0.71/modules/pending/discord_voice-1.zip: 84%
2024-10-19T16:40:56.183Z [Modules] Streaming discord_voice@1 to /home/bitraven/.config/discord/0.0.71/modules/pending/discord_voice-1.zip: 85%
2024-10-19T16:40:56.205Z [Modules] Streaming discord_voice@1 to /home/bitraven/.config/discord/0.0.71/modules/pending/discord_voice-1.zip: 86%
2024-10-19T16:40:56.265Z [Modules] Streaming discord_voice@1 to /home/bitraven/.config/discord/0.0.71/modules/pending/discord_voice-1.zip: 87%
2024-10-19T16:40:56.322Z [Modules] Streaming discord_voice@1 to /home/bitraven/.config/discord/0.0.71/modules/pending/discord_voice-1.zip: 88%
2024-10-19T16:40:56.341Z [Modules] Streaming discord_voice@1 to /home/bitraven/.config/discord/0.0.71/modules/pending/discord_voice-1.zip: 89%
2024-10-19T16:40:56.410Z [Modules] Streaming discord_voice@1 to /home/bitraven/.config/discord/0.0.71/modules/pending/discord_voice-1.zip: 90%
2024-10-19T16:40:56.480Z [Modules] Streaming discord_voice@1 to /home/bitraven/.config/discord/0.0.71/modules/pending/discord_voice-1.zip: 91%
2024-10-19T16:40:56.569Z [Modules] Streaming discord_voice@1 to /home/bitraven/.config/discord/0.0.71/modules/pending/discord_voice-1.zip: 92%
2024-10-19T16:40:56.623Z [Modules] Streaming discord_voice@1 to /home/bitraven/.config/discord/0.0.71/modules/pending/discord_voice-1.zip: 93%
2024-10-19T16:40:56.712Z [Modules] Streaming discord_voice@1 to /home/bitraven/.config/discord/0.0.71/modules/pending/discord_voice-1.zip: 94%
2024-10-19T16:40:56.729Z [Modules] Streaming discord_voice@1 to /home/bitraven/.config/discord/0.0.71/modules/pending/discord_voice-1.zip: 95%
2024-10-19T16:40:56.773Z [Modules] Streaming discord_voice@1 to /home/bitraven/.config/discord/0.0.71/modules/pending/discord_voice-1.zip: 96%
2024-10-19T16:40:56.830Z [Modules] Streaming discord_voice@1 to /home/bitraven/.config/discord/0.0.71/modules/pending/discord_voice-1.zip: 97%
2024-10-19T16:40:56.899Z [Modules] Streaming discord_voice@1 to /home/bitraven/.config/discord/0.0.71/modules/pending/discord_voice-1.zip: 98%
2024-10-19T16:40:56.968Z [Modules] Streaming discord_voice@1 to /home/bitraven/.config/discord/0.0.71/modules/pending/discord_voice-1.zip: 99%
2024-10-19T16:40:56.992Z [Modules] Streaming discord_voice@1 to /home/bitraven/.config/discord/0.0.71/modules/pending/discord_voice-1.zip: 100%
2024-10-19T16:40:56.993Z [Modules] Fetching discord_zstd@1 from https://discord.com/api/modules/stable/discord_zstd/1
2024-10-19T16:40:56.993Z [Modules] Streaming discord_zstd@1 to /home/bitraven/.config/discord/0.0.71/modules/pending/discord_zstd-1.zip
2024-10-19T16:40:57.305Z [Modules] Streaming discord_zstd@1 to /home/bitraven/.config/discord/0.0.71/modules/pending/discord_zstd-1.zip: 3%
2024-10-19T16:40:57.306Z [Modules] Streaming discord_zstd@1 to /home/bitraven/.config/discord/0.0.71/modules/pending/discord_zstd-1.zip: 5%
2024-10-19T16:40:57.314Z [Modules] Streaming discord_zstd@1 to /home/bitraven/.config/discord/0.0.71/modules/pending/discord_zstd-1.zip: 6%
2024-10-19T16:40:57.315Z [Modules] Streaming discord_zstd@1 to /home/bitraven/.config/discord/0.0.71/modules/pending/discord_zstd-1.zip: 7%
2024-10-19T16:40:57.319Z [Modules] Streaming discord_zstd@1 to /home/bitraven/.config/discord/0.0.71/modules/pending/discord_zstd-1.zip: 8%
2024-10-19T16:40:57.319Z [Modules] Streaming discord_zstd@1 to /home/bitraven/.config/discord/0.0.71/modules/pending/discord_zstd-1.zip: 10%
2024-10-19T16:40:57.320Z [Modules] Streaming discord_zstd@1 to /home/bitraven/.config/discord/0.0.71/modules/pending/discord_zstd-1.zip: 11%
2024-10-19T16:40:57.320Z [Modules] Streaming discord_zstd@1 to /home/bitraven/.config/discord/0.0.71/modules/pending/discord_zstd-1.zip: 14%
2024-10-19T16:40:57.321Z [Modules] Streaming discord_zstd@1 to /home/bitraven/.config/discord/0.0.71/modules/pending/discord_zstd-1.zip: 16%
2024-10-19T16:40:57.321Z [Modules] Streaming discord_zstd@1 to /home/bitraven/.config/discord/0.0.71/modules/pending/discord_zstd-1.zip: 18%
2024-10-19T16:40:57.322Z [Modules] Streaming discord_zstd@1 to /home/bitraven/.config/discord/0.0.71/modules/pending/discord_zstd-1.zip: 20%
2024-10-19T16:40:57.323Z [Modules] Streaming discord_zstd@1 to /home/bitraven/.config/discord/0.0.71/modules/pending/discord_zstd-1.zip: 23%
2024-10-19T16:40:57.323Z [Modules] Streaming discord_zstd@1 to /home/bitraven/.config/discord/0.0.71/modules/pending/discord_zstd-1.zip: 24%
2024-10-19T16:40:57.325Z [Modules] Streaming discord_zstd@1 to /home/bitraven/.config/discord/0.0.71/modules/pending/discord_zstd-1.zip: 26%
2024-10-19T16:40:57.326Z [Modules] Streaming discord_zstd@1 to /home/bitraven/.config/discord/0.0.71/modules/pending/discord_zstd-1.zip: 29%
2024-10-19T16:40:57.326Z [Modules] Streaming discord_zstd@1 to /home/bitraven/.config/discord/0.0.71/modules/pending/discord_zstd-1.zip: 31%
2024-10-19T16:40:57.372Z [Modules] Streaming discord_zstd@1 to /home/bitraven/.config/discord/0.0.71/modules/pending/discord_zstd-1.zip: 32%
2024-10-19T16:40:57.372Z [Modules] Streaming discord_zstd@1 to /home/bitraven/.config/discord/0.0.71/modules/pending/discord_zstd-1.zip: 36%
2024-10-19T16:40:57.373Z [Modules] Streaming discord_zstd@1 to /home/bitraven/.config/discord/0.0.71/modules/pending/discord_zstd-1.zip: 39%
2024-10-19T16:40:57.374Z [Modules] Streaming discord_zstd@1 to /home/bitraven/.config/discord/0.0.71/modules/pending/discord_zstd-1.zip: 41%
2024-10-19T16:40:57.374Z [Modules] Streaming discord_zstd@1 to /home/bitraven/.config/discord/0.0.71/modules/pending/discord_zstd-1.zip: 43%
2024-10-19T16:40:57.375Z [Modules] Streaming discord_zstd@1 to /home/bitraven/.config/discord/0.0.71/modules/pending/discord_zstd-1.zip: 47%
2024-10-19T16:40:57.379Z [Modules] Streaming discord_zstd@1 to /home/bitraven/.config/discord/0.0.71/modules/pending/discord_zstd-1.zip: 48%
2024-10-19T16:40:57.379Z [Modules] Streaming discord_zstd@1 to /home/bitraven/.config/discord/0.0.71/modules/pending/discord_zstd-1.zip: 50%
2024-10-19T16:40:57.380Z [Modules] Streaming discord_zstd@1 to /home/bitraven/.config/discord/0.0.71/modules/pending/discord_zstd-1.zip: 52%
2024-10-19T16:40:57.381Z [Modules] Streaming discord_zstd@1 to /home/bitraven/.config/discord/0.0.71/modules/pending/discord_zstd-1.zip: 56%
2024-10-19T16:40:57.381Z [Modules] Streaming discord_zstd@1 to /home/bitraven/.config/discord/0.0.71/modules/pending/discord_zstd-1.zip: 58%
2024-10-19T16:40:57.382Z [Modules] Streaming discord_zstd@1 to /home/bitraven/.config/discord/0.0.71/modules/pending/discord_zstd-1.zip: 59%
2024-10-19T16:40:57.382Z [Modules] Streaming discord_zstd@1 to /home/bitraven/.config/discord/0.0.71/modules/pending/discord_zstd-1.zip: 62%
2024-10-19T16:40:57.383Z [Modules] Streaming discord_zstd@1 to /home/bitraven/.config/discord/0.0.71/modules/pending/discord_zstd-1.zip: 63%
2024-10-19T16:40:57.383Z [Modules] Streaming discord_zstd@1 to /home/bitraven/.config/discord/0.0.71/modules/pending/discord_zstd-1.zip: 65%
2024-10-19T16:40:57.383Z [Modules] Streaming discord_zstd@1 to /home/bitraven/.config/discord/0.0.71/modules/pending/discord_zstd-1.zip: 66%
2024-10-19T16:40:57.391Z [Modules] Streaming discord_zstd@1 to /home/bitraven/.config/discord/0.0.71/modules/pending/discord_zstd-1.zip: 68%
2024-10-19T16:40:57.439Z [Modules] Streaming discord_zstd@1 to /home/bitraven/.config/discord/0.0.71/modules/pending/discord_zstd-1.zip: 71%
2024-10-19T16:40:57.439Z [Modules] Streaming discord_zstd@1 to /home/bitraven/.config/discord/0.0.71/modules/pending/discord_zstd-1.zip: 74%
2024-10-19T16:40:57.440Z [Modules] Streaming discord_zstd@1 to /home/bitraven/.config/discord/0.0.71/modules/pending/discord_zstd-1.zip: 77%
2024-10-19T16:40:57.441Z [Modules] Streaming discord_zstd@1 to /home/bitraven/.config/discord/0.0.71/modules/pending/discord_zstd-1.zip: 80%
2024-10-19T16:40:57.442Z [Modules] Streaming discord_zstd@1 to /home/bitraven/.config/discord/0.0.71/modules/pending/discord_zstd-1.zip: 83%
2024-10-19T16:40:57.442Z [Modules] Streaming discord_zstd@1 to /home/bitraven/.config/discord/0.0.71/modules/pending/discord_zstd-1.zip: 85%
2024-10-19T16:40:57.443Z [Modules] Streaming discord_zstd@1 to /home/bitraven/.config/discord/0.0.71/modules/pending/discord_zstd-1.zip: 87%
2024-10-19T16:40:57.444Z [Modules] Streaming discord_zstd@1 to /home/bitraven/.config/discord/0.0.71/modules/pending/discord_zstd-1.zip: 89%
2024-10-19T16:40:57.448Z [Modules] Streaming discord_zstd@1 to /home/bitraven/.config/discord/0.0.71/modules/pending/discord_zstd-1.zip: 93%
2024-10-19T16:40:57.449Z [Modules] Streaming discord_zstd@1 to /home/bitraven/.config/discord/0.0.71/modules/pending/discord_zstd-1.zip: 97%
2024-10-19T16:40:57.449Z [Modules] Streaming discord_zstd@1 to /home/bitraven/.config/discord/0.0.71/modules/pending/discord_zstd-1.zip: 98%
2024-10-19T16:40:57.450Z [Modules] Streaming discord_zstd@1 to /home/bitraven/.config/discord/0.0.71/modules/pending/discord_zstd-1.zip: 100%
2024-10-19T16:40:57.451Z [Modules] Finished module downloads. [success: 6] [failure: 0]
2024-10-19T16:40:57.451Z [Modules] Installing updates...
2024-10-19T16:40:57.451Z [Modules] Installing discord_desktop_core@1 from /home/bitraven/.config/discord/0.0.71/modules/pending/discord_desktop_core-1.zip
2024-10-19T16:40:57.540Z [Modules] Installing discord_erlpack@1 from /home/bitraven/.config/discord/0.0.71/modules/pending/discord_erlpack-1.zip
2024-10-19T16:40:57.601Z [Modules] Installing discord_spellcheck@1 from /home/bitraven/.config/discord/0.0.71/modules/pending/discord_spellcheck-1.zip
2024-10-19T16:40:58.536Z [Modules] Installing discord_utils@1 from /home/bitraven/.config/discord/0.0.71/modules/pending/discord_utils-1.zip
2024-10-19T16:40:58.708Z [Modules] Installing discord_voice@1 from /home/bitraven/.config/discord/0.0.71/modules/pending/discord_voice-1.zip
2024-10-19T16:40:59.268Z [Modules] Installing discord_zstd@1 from /home/bitraven/.config/discord/0.0.71/modules/pending/discord_zstd-1.zip
2024-10-19T16:40:59.281Z [Modules] Finished module installations. [success: 6] [failure: 0]
2024-10-19T16:40:59.281Z [Modules] Checking for host updates.
2024-10-19T16:40:59.559Z [Modules] Host is up to date.
2024-10-19T16:40:59.559Z [Modules] Checking for module updates at https://discord.com/api/modules/stable/versions.json
2024-10-19T16:40:59.563Z [Modules] No module updates available.
2024-10-19T16:41:01.907Z [Modules] Starting to install discord_krisp...
2024-10-19T16:41:01.907Z [Modules] Fetching discord_krisp@1 from https://discord.com/api/modules/stable/discord_krisp/1
2024-10-19T16:41:01.907Z [Modules] Streaming discord_krisp@1 to /home/bitraven/.config/discord/0.0.71/modules/pending/discord_krisp-1.zip
2024-10-19T16:41:01.923Z [Modules] Starting to install discord_game_utils...
2024-10-19T16:41:02.419Z [Modules] Streaming discord_krisp@1 to /home/bitraven/.config/discord/0.0.71/modules/pending/discord_krisp-1.zip: 1%
2024-10-19T16:41:02.562Z [Modules] Streaming discord_krisp@1 to /home/bitraven/.config/discord/0.0.71/modules/pending/discord_krisp-1.zip: 2%
2024-10-19T16:41:02.563Z [Modules] Streaming discord_krisp@1 to /home/bitraven/.config/discord/0.0.71/modules/pending/discord_krisp-1.zip: 3%
2024-10-19T16:41:02.588Z [Modules] Streaming discord_krisp@1 to /home/bitraven/.config/discord/0.0.71/modules/pending/discord_krisp-1.zip: 4%
2024-10-19T16:41:02.679Z [Modules] Streaming discord_krisp@1 to /home/bitraven/.config/discord/0.0.71/modules/pending/discord_krisp-1.zip: 5%
2024-10-19T16:41:02.722Z [Modules] Streaming discord_krisp@1 to /home/bitraven/.config/discord/0.0.71/modules/pending/discord_krisp-1.zip: 6%
2024-10-19T16:41:02.770Z [Modules] Streaming discord_krisp@1 to /home/bitraven/.config/discord/0.0.71/modules/pending/discord_krisp-1.zip: 7%
2024-10-19T16:41:02.868Z [Modules] Streaming discord_krisp@1 to /home/bitraven/.config/discord/0.0.71/modules/pending/discord_krisp-1.zip: 8%
2024-10-19T16:41:02.948Z [Modules] Streaming discord_krisp@1 to /home/bitraven/.config/discord/0.0.71/modules/pending/discord_krisp-1.zip: 9%
2024-10-19T16:41:02.980Z [Modules] Streaming discord_krisp@1 to /home/bitraven/.config/discord/0.0.71/modules/pending/discord_krisp-1.zip: 10%
2024-10-19T16:41:03.102Z [Modules] Streaming discord_krisp@1 to /home/bitraven/.config/discord/0.0.71/modules/pending/discord_krisp-1.zip: 11%
2024-10-19T16:41:03.125Z [Modules] Streaming discord_krisp@1 to /home/bitraven/.config/discord/0.0.71/modules/pending/discord_krisp-1.zip: 12%
2024-10-19T16:41:03.179Z [Modules] Streaming discord_krisp@1 to /home/bitraven/.config/discord/0.0.71/modules/pending/discord_krisp-1.zip: 13%
2024-10-19T16:41:03.243Z [Modules] Streaming discord_krisp@1 to /home/bitraven/.config/discord/0.0.71/modules/pending/discord_krisp-1.zip: 14%
2024-10-19T16:41:03.365Z [Modules] Streaming discord_krisp@1 to /home/bitraven/.config/discord/0.0.71/modules/pending/discord_krisp-1.zip: 15%
2024-10-19T16:41:03.403Z [Modules] Streaming discord_krisp@1 to /home/bitraven/.config/discord/0.0.71/modules/pending/discord_krisp-1.zip: 16%
2024-10-19T16:41:03.481Z [Modules] Streaming discord_krisp@1 to /home/bitraven/.config/discord/0.0.71/modules/pending/discord_krisp-1.zip: 17%
2024-10-19T16:41:03.532Z [Modules] Streaming discord_krisp@1 to /home/bitraven/.config/discord/0.0.71/modules/pending/discord_krisp-1.zip: 18%
2024-10-19T16:41:03.580Z [Modules] Streaming discord_krisp@1 to /home/bitraven/.config/discord/0.0.71/modules/pending/discord_krisp-1.zip: 19%
2024-10-19T16:41:03.627Z [Modules] Streaming discord_krisp@1 to /home/bitraven/.config/discord/0.0.71/modules/pending/discord_krisp-1.zip: 20%
2024-10-19T16:41:03.655Z [Modules] Streaming discord_krisp@1 to /home/bitraven/.config/discord/0.0.71/modules/pending/discord_krisp-1.zip: 21%
2024-10-19T16:41:03.800Z [Modules] Streaming discord_krisp@1 to /home/bitraven/.config/discord/0.0.71/modules/pending/discord_krisp-1.zip: 22%
2024-10-19T16:41:03.834Z [Modules] Streaming discord_krisp@1 to /home/bitraven/.config/discord/0.0.71/modules/pending/discord_krisp-1.zip: 23%
2024-10-19T16:41:03.945Z [Modules] Streaming discord_krisp@1 to /home/bitraven/.config/discord/0.0.71/modules/pending/discord_krisp-1.zip: 24%
2024-10-19T16:41:03.973Z [Modules] Streaming discord_krisp@1 to /home/bitraven/.config/discord/0.0.71/modules/pending/discord_krisp-1.zip: 25%
2024-10-19T16:41:04.027Z [Modules] Streaming discord_krisp@1 to /home/bitraven/.config/discord/0.0.71/modules/pending/discord_krisp-1.zip: 26%
2024-10-19T16:41:04.106Z [Modules] Streaming discord_krisp@1 to /home/bitraven/.config/discord/0.0.71/modules/pending/discord_krisp-1.zip: 27%
2024-10-19T16:41:04.159Z [Modules] Streaming discord_krisp@1 to /home/bitraven/.config/discord/0.0.71/modules/pending/discord_krisp-1.zip: 28%
2024-10-19T16:41:04.235Z [Modules] Checking for host updates.
2024-10-19T16:41:04.246Z [Modules] Streaming discord_krisp@1 to /home/bitraven/.config/discord/0.0.71/modules/pending/discord_krisp-1.zip: 29%
2024-10-19T16:41:04.315Z [Modules] Streaming discord_krisp@1 to /home/bitraven/.config/discord/0.0.71/modules/pending/discord_krisp-1.zip: 30%
2024-10-19T16:41:04.371Z [Modules] Starting to install discord_rpc...
2024-10-19T16:41:04.385Z [Modules] Streaming discord_krisp@1 to /home/bitraven/.config/discord/0.0.71/modules/pending/discord_krisp-1.zip: 31%
2024-10-19T16:41:04.435Z [Modules] Streaming discord_krisp@1 to /home/bitraven/.config/discord/0.0.71/modules/pending/discord_krisp-1.zip: 32%
2024-10-19T16:41:04.467Z [Modules] Streaming discord_krisp@1 to /home/bitraven/.config/discord/0.0.71/modules/pending/discord_krisp-1.zip: 33%
2024-10-19T16:41:04.531Z [Modules] Streaming discord_krisp@1 to /home/bitraven/.config/discord/0.0.71/modules/pending/discord_krisp-1.zip: 34%
2024-10-19T16:41:04.592Z [Modules] Streaming discord_krisp@1 to /home/bitraven/.config/discord/0.0.71/modules/pending/discord_krisp-1.zip: 35%
2024-10-19T16:41:04.595Z [Modules] Host is up to date.
2024-10-19T16:41:04.595Z [Modules] Checking for module updates at https://discord.com/api/modules/stable/versions.json
2024-10-19T16:41:04.602Z [Modules] No module updates available.
2024-10-19T16:41:04.634Z [Modules] Streaming discord_krisp@1 to /home/bitraven/.config/discord/0.0.71/modules/pending/discord_krisp-1.zip: 36%
2024-10-19T16:41:04.656Z [Modules] Streaming discord_krisp@1 to /home/bitraven/.config/discord/0.0.71/modules/pending/discord_krisp-1.zip: 37%
2024-10-19T16:41:04.725Z [Modules] Streaming discord_krisp@1 to /home/bitraven/.config/discord/0.0.71/modules/pending/discord_krisp-1.zip: 38%
2024-10-19T16:41:04.743Z [Modules] Streaming discord_krisp@1 to /home/bitraven/.config/discord/0.0.71/modules/pending/discord_krisp-1.zip: 39%
2024-10-19T16:41:04.795Z [Modules] Streaming discord_krisp@1 to /home/bitraven/.config/discord/0.0.71/modules/pending/discord_krisp-1.zip: 40%
2024-10-19T16:41:04.891Z [Modules] Streaming discord_krisp@1 to /home/bitraven/.config/discord/0.0.71/modules/pending/discord_krisp-1.zip: 41%
2024-10-19T16:41:04.962Z [Modules] Streaming discord_krisp@1 to /home/bitraven/.config/discord/0.0.71/modules/pending/discord_krisp-1.zip: 42%
2024-10-19T16:41:04.988Z [Modules] Streaming discord_krisp@1 to /home/bitraven/.config/discord/0.0.71/modules/pending/discord_krisp-1.zip: 43%
2024-10-19T16:41:05.037Z [Modules] Streaming discord_krisp@1 to /home/bitraven/.config/discord/0.0.71/modules/pending/discord_krisp-1.zip: 44%
2024-10-19T16:41:05.059Z [Modules] Streaming discord_krisp@1 to /home/bitraven/.config/discord/0.0.71/modules/pending/discord_krisp-1.zip: 45%
2024-10-19T16:41:05.122Z [Modules] Streaming discord_krisp@1 to /home/bitraven/.config/discord/0.0.71/modules/pending/discord_krisp-1.zip: 46%
2024-10-19T16:41:05.187Z [Modules] Streaming discord_krisp@1 to /home/bitraven/.config/discord/0.0.71/modules/pending/discord_krisp-1.zip: 47%
2024-10-19T16:41:05.257Z [Modules] Streaming discord_krisp@1 to /home/bitraven/.config/discord/0.0.71/modules/pending/discord_krisp-1.zip: 48%
2024-10-19T16:41:05.277Z [Modules] Streaming discord_krisp@1 to /home/bitraven/.config/discord/0.0.71/modules/pending/discord_krisp-1.zip: 49%
2024-10-19T16:41:05.325Z [Modules] Streaming discord_krisp@1 to /home/bitraven/.config/discord/0.0.71/modules/pending/discord_krisp-1.zip: 50%
2024-10-19T16:41:05.352Z [Modules] Streaming discord_krisp@1 to /home/bitraven/.config/discord/0.0.71/modules/pending/discord_krisp-1.zip: 51%
2024-10-19T16:41:05.448Z [Modules] Streaming discord_krisp@1 to /home/bitraven/.config/discord/0.0.71/modules/pending/discord_krisp-1.zip: 52%
2024-10-19T16:41:05.514Z [Modules] Streaming discord_krisp@1 to /home/bitraven/.config/discord/0.0.71/modules/pending/discord_krisp-1.zip: 53%
2024-10-19T16:41:05.515Z [Modules] Streaming discord_krisp@1 to /home/bitraven/.config/discord/0.0.71/modules/pending/discord_krisp-1.zip: 54%
2024-10-19T16:41:05.655Z [Modules] Streaming discord_krisp@1 to /home/bitraven/.config/discord/0.0.71/modules/pending/discord_krisp-1.zip: 55%
2024-10-19T16:41:05.682Z [Modules] Streaming discord_krisp@1 to /home/bitraven/.config/discord/0.0.71/modules/pending/discord_krisp-1.zip: 56%
2024-10-19T16:41:05.807Z [Modules] Streaming discord_krisp@1 to /home/bitraven/.config/discord/0.0.71/modules/pending/discord_krisp-1.zip: 57%
2024-10-19T16:41:05.925Z [Modules] Streaming discord_krisp@1 to /home/bitraven/.config/discord/0.0.71/modules/pending/discord_krisp-1.zip: 58%
2024-10-19T16:41:05.985Z [Modules] Streaming discord_krisp@1 to /home/bitraven/.config/discord/0.0.71/modules/pending/discord_krisp-1.zip: 59%
2024-10-19T16:41:06.069Z [Modules] Streaming discord_krisp@1 to /home/bitraven/.config/discord/0.0.71/modules/pending/discord_krisp-1.zip: 60%
2024-10-19T16:41:06.130Z [Modules] Streaming discord_krisp@1 to /home/bitraven/.config/discord/0.0.71/modules/pending/discord_krisp-1.zip: 61%
2024-10-19T16:41:06.206Z [Modules] Streaming discord_krisp@1 to /home/bitraven/.config/discord/0.0.71/modules/pending/discord_krisp-1.zip: 62%
2024-10-19T16:41:06.320Z [Modules] Streaming discord_krisp@1 to /home/bitraven/.config/discord/0.0.71/modules/pending/discord_krisp-1.zip: 63%
2024-10-19T16:41:06.420Z [Modules] Streaming discord_krisp@1 to /home/bitraven/.config/discord/0.0.71/modules/pending/discord_krisp-1.zip: 64%
2024-10-19T16:41:06.494Z [Modules] Streaming discord_krisp@1 to /home/bitraven/.config/discord/0.0.71/modules/pending/discord_krisp-1.zip: 65%
2024-10-19T16:41:06.520Z [Modules] Streaming discord_krisp@1 to /home/bitraven/.config/discord/0.0.71/modules/pending/discord_krisp-1.zip: 66%
2024-10-19T16:41:06.597Z [Modules] Streaming discord_krisp@1 to /home/bitraven/.config/discord/0.0.71/modules/pending/discord_krisp-1.zip: 67%
2024-10-19T16:41:06.741Z [Modules] Streaming discord_krisp@1 to /home/bitraven/.config/discord/0.0.71/modules/pending/discord_krisp-1.zip: 68%
2024-10-19T16:41:06.804Z [Modules] Streaming discord_krisp@1 to /home/bitraven/.config/discord/0.0.71/modules/pending/discord_krisp-1.zip: 69%
2024-10-19T16:41:07.169Z [Modules] Streaming discord_krisp@1 to /home/bitraven/.config/discord/0.0.71/modules/pending/discord_krisp-1.zip: 70%
2024-10-19T16:41:07.300Z [Modules] Streaming discord_krisp@1 to /home/bitraven/.config/discord/0.0.71/modules/pending/discord_krisp-1.zip: 71%
2024-10-19T16:41:07.385Z [Modules] Streaming discord_krisp@1 to /home/bitraven/.config/discord/0.0.71/modules/pending/discord_krisp-1.zip: 72%
2024-10-19T16:41:07.453Z [Modules] Streaming discord_krisp@1 to /home/bitraven/.config/discord/0.0.71/modules/pending/discord_krisp-1.zip: 73%
2024-10-19T16:41:07.509Z [Modules] Streaming discord_krisp@1 to /home/bitraven/.config/discord/0.0.71/modules/pending/discord_krisp-1.zip: 74%
2024-10-19T16:41:07.586Z [Modules] Streaming discord_krisp@1 to /home/bitraven/.config/discord/0.0.71/modules/pending/discord_krisp-1.zip: 75%
2024-10-19T16:41:07.962Z [Modules] Streaming discord_krisp@1 to /home/bitraven/.config/discord/0.0.71/modules/pending/discord_krisp-1.zip: 76%
2024-10-19T16:41:07.995Z [Modules] Streaming discord_krisp@1 to /home/bitraven/.config/discord/0.0.71/modules/pending/discord_krisp-1.zip: 77%
2024-10-19T16:41:08.012Z [Modules] Streaming discord_krisp@1 to /home/bitraven/.config/discord/0.0.71/modules/pending/discord_krisp-1.zip: 78%
2024-10-19T16:41:08.068Z [Modules] Streaming discord_krisp@1 to /home/bitraven/.config/discord/0.0.71/modules/pending/discord_krisp-1.zip: 79%
2024-10-19T16:41:08.156Z [Modules] Streaming discord_krisp@1 to /home/bitraven/.config/discord/0.0.71/modules/pending/discord_krisp-1.zip: 80%
2024-10-19T16:41:08.241Z [Modules] Streaming discord_krisp@1 to /home/bitraven/.config/discord/0.0.71/modules/pending/discord_krisp-1.zip: 81%
2024-10-19T16:41:08.260Z [Modules] Streaming discord_krisp@1 to /home/bitraven/.config/discord/0.0.71/modules/pending/discord_krisp-1.zip: 82%
2024-10-19T16:41:08.304Z [Modules] Streaming discord_krisp@1 to /home/bitraven/.config/discord/0.0.71/modules/pending/discord_krisp-1.zip: 83%
2024-10-19T16:41:08.418Z [Modules] Streaming discord_krisp@1 to /home/bitraven/.config/discord/0.0.71/modules/pending/discord_krisp-1.zip: 84%
2024-10-19T16:41:08.506Z [Modules] Streaming discord_krisp@1 to /home/bitraven/.config/discord/0.0.71/modules/pending/discord_krisp-1.zip: 85%
2024-10-19T16:41:08.566Z [Modules] Streaming discord_krisp@1 to /home/bitraven/.config/discord/0.0.71/modules/pending/discord_krisp-1.zip: 86%
2024-10-19T16:41:08.651Z [Modules] Streaming discord_krisp@1 to /home/bitraven/.config/discord/0.0.71/modules/pending/discord_krisp-1.zip: 87%
2024-10-19T16:41:08.697Z [Modules] Streaming discord_krisp@1 to /home/bitraven/.config/discord/0.0.71/modules/pending/discord_krisp-1.zip: 88%
2024-10-19T16:41:08.716Z [Modules] Streaming discord_krisp@1 to /home/bitraven/.config/discord/0.0.71/modules/pending/discord_krisp-1.zip: 89%
2024-10-19T16:41:08.824Z [Modules] Streaming discord_krisp@1 to /home/bitraven/.config/discord/0.0.71/modules/pending/discord_krisp-1.zip: 90%
2024-10-19T16:41:08.911Z [Modules] Streaming discord_krisp@1 to /home/bitraven/.config/discord/0.0.71/modules/pending/discord_krisp-1.zip: 91%
2024-10-19T16:41:08.979Z [Modules] Streaming discord_krisp@1 to /home/bitraven/.config/discord/0.0.71/modules/pending/discord_krisp-1.zip: 92%
2024-10-19T16:41:09.004Z [Modules] Streaming discord_krisp@1 to /home/bitraven/.config/discord/0.0.71/modules/pending/discord_krisp-1.zip: 93%
2024-10-19T16:41:09.066Z [Modules] Streaming discord_krisp@1 to /home/bitraven/.config/discord/0.0.71/modules/pending/discord_krisp-1.zip: 94%
2024-10-19T16:41:09.083Z [Modules] Streaming discord_krisp@1 to /home/bitraven/.config/discord/0.0.71/modules/pending/discord_krisp-1.zip: 95%
2024-10-19T16:41:09.147Z [Modules] Streaming discord_krisp@1 to /home/bitraven/.config/discord/0.0.71/modules/pending/discord_krisp-1.zip: 96%
2024-10-19T16:41:09.174Z [Modules] Streaming discord_krisp@1 to /home/bitraven/.config/discord/0.0.71/modules/pending/discord_krisp-1.zip: 97%
2024-10-19T16:41:09.212Z [Modules] Streaming discord_krisp@1 to /home/bitraven/.config/discord/0.0.71/modules/pending/discord_krisp-1.zip: 98%
2024-10-19T16:41:09.231Z [Modules] Streaming discord_krisp@1 to /home/bitraven/.config/discord/0.0.71/modules/pending/discord_krisp-1.zip: 99%
2024-10-19T16:41:09.297Z [Modules] Streaming discord_krisp@1 to /home/bitraven/.config/discord/0.0.71/modules/pending/discord_krisp-1.zip: 100%
2024-10-19T16:41:09.299Z [Modules] Fetching discord_game_utils@1 from https://discord.com/api/modules/stable/discord_game_utils/1
2024-10-19T16:41:09.299Z [Modules] Streaming discord_game_utils@1 to /home/bitraven/.config/discord/0.0.71/modules/pending/discord_game_utils-1.zip
2024-10-19T16:41:09.299Z [Modules] Installing discord_krisp@1 from /home/bitraven/.config/discord/0.0.71/modules/pending/discord_krisp-1.zip
2024-10-19T16:41:09.639Z [Modules] Streaming discord_game_utils@1 to /home/bitraven/.config/discord/0.0.71/modules/pending/discord_game_utils-1.zip: 1%
2024-10-19T16:41:09.640Z [Modules] Streaming discord_game_utils@1 to /home/bitraven/.config/discord/0.0.71/modules/pending/discord_game_utils-1.zip: 3%
2024-10-19T16:41:09.640Z [Modules] Streaming discord_game_utils@1 to /home/bitraven/.config/discord/0.0.71/modules/pending/discord_game_utils-1.zip: 4%
2024-10-19T16:41:09.643Z [Modules] Streaming discord_game_utils@1 to /home/bitraven/.config/discord/0.0.71/modules/pending/discord_game_utils-1.zip: 5%
2024-10-19T16:41:09.645Z [Modules] Streaming discord_game_utils@1 to /home/bitraven/.config/discord/0.0.71/modules/pending/discord_game_utils-1.zip: 6%
2024-10-19T16:41:09.648Z [Modules] Streaming discord_game_utils@1 to /home/bitraven/.config/discord/0.0.71/modules/pending/discord_game_utils-1.zip: 7%
2024-10-19T16:41:09.648Z [Modules] Streaming discord_game_utils@1 to /home/bitraven/.config/discord/0.0.71/modules/pending/discord_game_utils-1.zip: 8%
2024-10-19T16:41:09.651Z [Modules] Streaming discord_game_utils@1 to /home/bitraven/.config/discord/0.0.71/modules/pending/discord_game_utils-1.zip: 9%
2024-10-19T16:41:09.652Z [Modules] Streaming discord_game_utils@1 to /home/bitraven/.config/discord/0.0.71/modules/pending/discord_game_utils-1.zip: 10%
2024-10-19T16:41:09.654Z [Modules] Streaming discord_game_utils@1 to /home/bitraven/.config/discord/0.0.71/modules/pending/discord_game_utils-1.zip: 11%
2024-10-19T16:41:09.658Z [Modules] Streaming discord_game_utils@1 to /home/bitraven/.config/discord/0.0.71/modules/pending/discord_game_utils-1.zip: 12%
2024-10-19T16:41:09.667Z [Modules] Streaming discord_game_utils@1 to /home/bitraven/.config/discord/0.0.71/modules/pending/discord_game_utils-1.zip: 14%
2024-10-19T16:41:09.668Z [Modules] Streaming discord_game_utils@1 to /home/bitraven/.config/discord/0.0.71/modules/pending/discord_game_utils-1.zip: 15%
2024-10-19T16:41:09.672Z [Modules] Streaming discord_game_utils@1 to /home/bitraven/.config/discord/0.0.71/modules/pending/discord_game_utils-1.zip: 16%
2024-10-19T16:41:09.673Z [Modules] Streaming discord_game_utils@1 to /home/bitraven/.config/discord/0.0.71/modules/pending/discord_game_utils-1.zip: 17%
2024-10-19T16:41:09.730Z [Modules] Streaming discord_game_utils@1 to /home/bitraven/.config/discord/0.0.71/modules/pending/discord_game_utils-1.zip: 18%
2024-10-19T16:41:09.732Z [Modules] Streaming discord_game_utils@1 to /home/bitraven/.config/discord/0.0.71/modules/pending/discord_game_utils-1.zip: 19%
2024-10-19T16:41:09.733Z [Modules] Streaming discord_game_utils@1 to /home/bitraven/.config/discord/0.0.71/modules/pending/discord_game_utils-1.zip: 20%
2024-10-19T16:41:09.812Z [Modules] Streaming discord_game_utils@1 to /home/bitraven/.config/discord/0.0.71/modules/pending/discord_game_utils-1.zip: 21%
2024-10-19T16:41:09.818Z [Modules] Streaming discord_game_utils@1 to /home/bitraven/.config/discord/0.0.71/modules/pending/discord_game_utils-1.zip: 22%
2024-10-19T16:41:09.820Z [Modules] Streaming discord_game_utils@1 to /home/bitraven/.config/discord/0.0.71/modules/pending/discord_game_utils-1.zip: 23%
2024-10-19T16:41:09.822Z [Modules] Streaming discord_game_utils@1 to /home/bitraven/.config/discord/0.0.71/modules/pending/discord_game_utils-1.zip: 24%
2024-10-19T16:41:09.891Z [Modules] Streaming discord_game_utils@1 to /home/bitraven/.config/discord/0.0.71/modules/pending/discord_game_utils-1.zip: 25%
2024-10-19T16:41:09.893Z [Modules] Streaming discord_game_utils@1 to /home/bitraven/.config/discord/0.0.71/modules/pending/discord_game_utils-1.zip: 26%
2024-10-19T16:41:09.895Z [Modules] Streaming discord_game_utils@1 to /home/bitraven/.config/discord/0.0.71/modules/pending/discord_game_utils-1.zip: 27%
2024-10-19T16:41:09.897Z [Modules] Streaming discord_game_utils@1 to /home/bitraven/.config/discord/0.0.71/modules/pending/discord_game_utils-1.zip: 28%
2024-10-19T16:41:09.900Z [Modules] Streaming discord_game_utils@1 to /home/bitraven/.config/discord/0.0.71/modules/pending/discord_game_utils-1.zip: 29%
2024-10-19T16:41:09.901Z [Modules] Streaming discord_game_utils@1 to /home/bitraven/.config/discord/0.0.71/modules/pending/discord_game_utils-1.zip: 30%
2024-10-19T16:41:09.903Z [Modules] Streaming discord_game_utils@1 to /home/bitraven/.config/discord/0.0.71/modules/pending/discord_game_utils-1.zip: 31%
2024-10-19T16:41:09.966Z [Modules] Finished module installations. [success: 1] [failure: 0]
2024-10-19T16:41:10.568Z [Modules] Streaming discord_game_utils@1 to /home/bitraven/.config/discord/0.0.71/modules/pending/discord_game_utils-1.zip: 36%
2024-10-19T16:41:10.569Z [Modules] Streaming discord_game_utils@1 to /home/bitraven/.config/discord/0.0.71/modules/pending/discord_game_utils-1.zip: 38%
2024-10-19T16:41:10.570Z [Modules] Streaming discord_game_utils@1 to /home/bitraven/.config/discord/0.0.71/modules/pending/discord_game_utils-1.zip: 41%
2024-10-19T16:41:10.570Z [Modules] Streaming discord_game_utils@1 to /home/bitraven/.config/discord/0.0.71/modules/pending/discord_game_utils-1.zip: 45%
2024-10-19T16:41:10.571Z [Modules] Streaming discord_game_utils@1 to /home/bitraven/.config/discord/0.0.71/modules/pending/discord_game_utils-1.zip: 50%
2024-10-19T16:41:10.571Z [Modules] Streaming discord_game_utils@1 to /home/bitraven/.config/discord/0.0.71/modules/pending/discord_game_utils-1.zip: 55%
2024-10-19T16:41:10.572Z [Modules] Streaming discord_game_utils@1 to /home/bitraven/.config/discord/0.0.71/modules/pending/discord_game_utils-1.zip: 60%
2024-10-19T16:41:10.572Z [Modules] Streaming discord_game_utils@1 to /home/bitraven/.config/discord/0.0.71/modules/pending/discord_game_utils-1.zip: 62%
2024-10-19T16:41:10.573Z [Modules] Streaming discord_game_utils@1 to /home/bitraven/.config/discord/0.0.71/modules/pending/discord_game_utils-1.zip: 64%
2024-10-19T16:41:10.573Z [Modules] Streaming discord_game_utils@1 to /home/bitraven/.config/discord/0.0.71/modules/pending/discord_game_utils-1.zip: 69%
2024-10-19T16:41:10.573Z [Modules] Streaming discord_game_utils@1 to /home/bitraven/.config/discord/0.0.71/modules/pending/discord_game_utils-1.zip: 71%
2024-10-19T16:41:10.574Z [Modules] Streaming discord_game_utils@1 to /home/bitraven/.config/discord/0.0.71/modules/pending/discord_game_utils-1.zip: 72%
2024-10-19T16:41:10.575Z [Modules] Streaming discord_game_utils@1 to /home/bitraven/.config/discord/0.0.71/modules/pending/discord_game_utils-1.zip: 73%
2024-10-19T16:41:10.580Z [Modules] Streaming discord_game_utils@1 to /home/bitraven/.config/discord/0.0.71/modules/pending/discord_game_utils-1.zip: 74%
2024-10-19T16:41:10.582Z [Modules] Streaming discord_game_utils@1 to /home/bitraven/.config/discord/0.0.71/modules/pending/discord_game_utils-1.zip: 75%
2024-10-19T16:41:10.584Z [Modules] Streaming discord_game_utils@1 to /home/bitraven/.config/discord/0.0.71/modules/pending/discord_game_utils-1.zip: 76%
2024-10-19T16:41:10.590Z [Modules] Streaming discord_game_utils@1 to /home/bitraven/.config/discord/0.0.71/modules/pending/discord_game_utils-1.zip: 77%
2024-10-19T16:41:10.591Z [Modules] Streaming discord_game_utils@1 to /home/bitraven/.config/discord/0.0.71/modules/pending/discord_game_utils-1.zip: 78%
2024-10-19T16:41:10.622Z [Modules] Streaming discord_game_utils@1 to /home/bitraven/.config/discord/0.0.71/modules/pending/discord_game_utils-1.zip: 79%
2024-10-19T16:41:10.623Z [Modules] Streaming discord_game_utils@1 to /home/bitraven/.config/discord/0.0.71/modules/pending/discord_game_utils-1.zip: 80%
2024-10-19T16:41:10.625Z [Modules] Streaming discord_game_utils@1 to /home/bitraven/.config/discord/0.0.71/modules/pending/discord_game_utils-1.zip: 81%
2024-10-19T16:41:10.628Z [Modules] Streaming discord_game_utils@1 to /home/bitraven/.config/discord/0.0.71/modules/pending/discord_game_utils-1.zip: 82%
2024-10-19T16:41:10.630Z [Modules] Streaming discord_game_utils@1 to /home/bitraven/.config/discord/0.0.71/modules/pending/discord_game_utils-1.zip: 83%
2024-10-19T16:41:10.637Z [Modules] Streaming discord_game_utils@1 to /home/bitraven/.config/discord/0.0.71/modules/pending/discord_game_utils-1.zip: 84%
2024-10-19T16:41:10.639Z [Modules] Streaming discord_game_utils@1 to /home/bitraven/.config/discord/0.0.71/modules/pending/discord_game_utils-1.zip: 85%
2024-10-19T16:41:10.641Z [Modules] Streaming discord_game_utils@1 to /home/bitraven/.config/discord/0.0.71/modules/pending/discord_game_utils-1.zip: 86%
2024-10-19T16:41:10.644Z [Modules] Streaming discord_game_utils@1 to /home/bitraven/.config/discord/0.0.71/modules/pending/discord_game_utils-1.zip: 87%
2024-10-19T16:41:10.646Z [Modules] Streaming discord_game_utils@1 to /home/bitraven/.config/discord/0.0.71/modules/pending/discord_game_utils-1.zip: 88%
2024-10-19T16:41:10.648Z [Modules] Streaming discord_game_utils@1 to /home/bitraven/.config/discord/0.0.71/modules/pending/discord_game_utils-1.zip: 89%
2024-10-19T16:41:10.650Z [Modules] Streaming discord_game_utils@1 to /home/bitraven/.config/discord/0.0.71/modules/pending/discord_game_utils-1.zip: 90%
2024-10-19T16:41:10.653Z [Modules] Streaming discord_game_utils@1 to /home/bitraven/.config/discord/0.0.71/modules/pending/discord_game_utils-1.zip: 91%
2024-10-19T16:41:10.685Z [Modules] Streaming discord_game_utils@1 to /home/bitraven/.config/discord/0.0.71/modules/pending/discord_game_utils-1.zip: 92%
2024-10-19T16:41:10.779Z [Modules] Streaming discord_game_utils@1 to /home/bitraven/.config/discord/0.0.71/modules/pending/discord_game_utils-1.zip: 93%
2024-10-19T16:41:10.781Z [Modules] Streaming discord_game_utils@1 to /home/bitraven/.config/discord/0.0.71/modules/pending/discord_game_utils-1.zip: 94%
2024-10-19T16:41:10.837Z [Modules] Streaming discord_game_utils@1 to /home/bitraven/.config/discord/0.0.71/modules/pending/discord_game_utils-1.zip: 95%
2024-10-19T16:41:10.839Z [Modules] Streaming discord_game_utils@1 to /home/bitraven/.config/discord/0.0.71/modules/pending/discord_game_utils-1.zip: 96%
2024-10-19T16:41:10.841Z [Modules] Streaming discord_game_utils@1 to /home/bitraven/.config/discord/0.0.71/modules/pending/discord_game_utils-1.zip: 97%
2024-10-19T16:41:10.862Z [Modules] Streaming discord_game_utils@1 to /home/bitraven/.config/discord/0.0.71/modules/pending/discord_game_utils-1.zip: 98%
2024-10-19T16:41:10.863Z [Modules] Streaming discord_game_utils@1 to /home/bitraven/.config/discord/0.0.71/modules/pending/discord_game_utils-1.zip: 99%
2024-10-19T16:41:10.865Z [Modules] Streaming discord_game_utils@1 to /home/bitraven/.config/discord/0.0.71/modules/pending/discord_game_utils-1.zip: 100%
2024-10-19T16:41:10.867Z [Modules] Fetching discord_rpc@1 from https://discord.com/api/modules/stable/discord_rpc/1
2024-10-19T16:41:10.868Z [Modules] Streaming discord_rpc@1 to /home/bitraven/.config/discord/0.0.71/modules/pending/discord_rpc-1.zip
2024-10-19T16:41:10.868Z [Modules] Installing discord_game_utils@1 from /home/bitraven/.config/discord/0.0.71/modules/pending/discord_game_utils-1.zip
2024-10-19T16:41:10.937Z [Modules] Finished module installations. [success: 1] [failure: 0]
2024-10-19T16:41:11.267Z [Modules] Streaming discord_rpc@1 to /home/bitraven/.config/discord/0.0.71/modules/pending/discord_rpc-1.zip: 11%
2024-10-19T16:41:11.268Z [Modules] Streaming discord_rpc@1 to /home/bitraven/.config/discord/0.0.71/modules/pending/discord_rpc-1.zip: 40%
2024-10-19T16:41:11.269Z [Modules] Streaming discord_rpc@1 to /home/bitraven/.config/discord/0.0.71/modules/pending/discord_rpc-1.zip: 46%
2024-10-19T16:41:11.269Z [Modules] Streaming discord_rpc@1 to /home/bitraven/.config/discord/0.0.71/modules/pending/discord_rpc-1.zip: 69%
2024-10-19T16:41:11.269Z [Modules] Streaming discord_rpc@1 to /home/bitraven/.config/discord/0.0.71/modules/pending/discord_rpc-1.zip: 87%
2024-10-19T16:41:11.270Z [Modules] Streaming discord_rpc@1 to /home/bitraven/.config/discord/0.0.71/modules/pending/discord_rpc-1.zip: 100%
2024-10-19T16:41:11.271Z [Modules] Finished module downloads. [success: 3] [failure: 0]
2024-10-19T16:41:11.271Z [Modules] Installing discord_rpc@1 from /home/bitraven/.config/discord/0.0.71/modules/pending/discord_rpc-1.zip
2024-10-19T16:41:11.288Z [Modules] Finished module installations. [success: 1] [failure: 0]
2024-10-19T17:38:41.139Z [Modules] Modules initializing
2024-10-19T17:38:41.139Z [Modules] Distribution: remote
2024-10-19T17:38:41.139Z [Modules] Host updates: enabled
2024-10-19T17:38:41.139Z [Modules] Module updates: enabled
2024-10-19T17:38:41.139Z [Modules] Module install path: /home/bitraven/.config/discord/0.0.71/modules
2024-10-19T17:38:41.139Z [Modules] Module installed file path: /home/bitraven/.config/discord/0.0.71/modules/installed.json
2024-10-19T17:38:41.139Z [Modules] Module download path: /home/bitraven/.config/discord/0.0.71/modules/pending
2024-10-19T17:38:41.659Z [Modules] No updates to install
2024-10-19T17:38:41.659Z [Modules] Checking for host updates.
2024-10-19T17:38:46.218Z [Modules] Host is up to date.
2024-10-19T17:38:46.219Z [Modules] Checking for module updates at https://discord.com/api/modules/stable/versions.json
2024-10-19T17:38:47.861Z [Modules] No module updates available.
2024-10-19T17:38:54.085Z [Modules] Checking for host updates.
2024-10-19T17:38:55.731Z [Modules] Host is up to date.
2024-10-19T17:38:55.731Z [Modules] Checking for module updates at https://discord.com/api/modules/stable/versions.json
2024-10-19T17:38:55.734Z [Modules] No module updates available.
